  [4;36;1mSQL (0.2ms)[0m   [0;1mSET NAMES 'utf8'[0m
  [4;35;1mSQL (0.1ms)[0m   [0mSET SQL_AUTO_IS_NULL=0[0m
  [4;36;1mSQL (0.4ms)[0m   [0;1mSHOW TABLES[0m
  [4;35;1mSQL (0.3ms)[0m   [0mSHOW TABLES[0m
  [4;36;1mSQL (0.1ms)[0m   [0;1mSELECT version FROM schema_migrations[0m
  [4;35;1mSQL (0.3ms)[0m   [0mSHOW TABLES[0m
  [4;36;1mSQL (0.2ms)[0m   [0;1mSET NAMES 'utf8'[0m
  [4;35;1mSQL (0.1ms)[0m   [0mSET SQL_AUTO_IS_NULL=0[0m
  [4;36;1mSQL (0.4ms)[0m   [0;1mSHOW TABLES[0m
  [4;35;1mSQL (0.1ms)[0m   [0mSELECT version FROM schema_migrations[0m
Migrating to CreateMovies (20110502013852)
  [4;36;1mSQL (27.7ms)[0m   [0;1mCREATE TABLE `movies` (`id` int(11) DEFAULT NULL auto_increment PRIMARY KEY, `title` varchar(255), `genre_id` int(11), `created_at` datetime, `updated_at` datetime) ENGINE=InnoDB[0m
  [4;35;1mSQL (3.3ms)[0m   [0mINSERT INTO schema_migrations (version) VALUES ('20110502013852')[0m
Migrating to CreateGenres (20110502013921)
  [4;36;1mSQL (15.3ms)[0m   [0;1mCREATE TABLE `genres` (`id` int(11) DEFAULT NULL auto_increment PRIMARY KEY, `name` varchar(255), `created_at` datetime, `updated_at` datetime) ENGINE=InnoDB[0m
  [4;35;1mSQL (3.5ms)[0m   [0mINSERT INTO schema_migrations (version) VALUES ('20110502013921')[0m
Migrating to CreateTags (20110502013935)
  [4;36;1mSQL (17.6ms)[0m   [0;1mCREATE TABLE `tags` (`id` int(11) DEFAULT NULL auto_increment PRIMARY KEY, `name` varchar(255), `created_at` datetime, `updated_at` datetime) ENGINE=InnoDB[0m
  [4;35;1mSQL (12.3ms)[0m   [0mINSERT INTO schema_migrations (version) VALUES ('20110502013935')[0m
Migrating to CreateVotes (20110502014051)
  [4;36;1mSQL (33.5ms)[0m   [0;1mCREATE TABLE `votes` (`id` int(11) DEFAULT NULL auto_increment PRIMARY KEY, `val` int(11), `seen` tinyint(1), `user_id` int(11), `movie_id` int(11), `created_at` datetime, `updated_at` datetime) ENGINE=InnoDB[0m
  [4;35;1mSQL (3.7ms)[0m   [0mINSERT INTO schema_migrations (version) VALUES ('20110502014051')[0m
Migrating to CreateEvents (20110502014242)
  [4;36;1mSQL (18.7ms)[0m   [0;1mCREATE TABLE `events` (`id` int(11) DEFAULT NULL auto_increment PRIMARY KEY, `name` varchar(255), `location` varchar(255), `date` varchar(255), `created_at` datetime, `updated_at` datetime) ENGINE=InnoDB[0m
  [4;35;1mSQL (5.8ms)[0m   [0mINSERT INTO schema_migrations (version) VALUES ('20110502014242')[0m
  [4;36;1mSQL (0.5ms)[0m   [0;1mSHOW TABLES[0m
  [4;35;1mSQL (0.3ms)[0m   [0mSELECT version FROM schema_migrations[0m
  [4;36;1mSQL (0.4ms)[0m   [0;1mSHOW TABLES[0m
  [4;35;1mSQL (1.0ms)[0m   [0mSHOW FIELDS FROM `events`[0m
  [4;36;1mSQL (0.8ms)[0m   [0;1mdescribe `events`[0m
  [4;35;1mSQL (0.3ms)[0m   [0mSHOW KEYS FROM `events`[0m
  [4;36;1mSQL (0.8ms)[0m   [0;1mSHOW FIELDS FROM `genres`[0m
  [4;35;1mSQL (0.7ms)[0m   [0mdescribe `genres`[0m
  [4;36;1mSQL (0.3ms)[0m   [0;1mSHOW KEYS FROM `genres`[0m
  [4;35;1mSQL (0.9ms)[0m   [0mSHOW FIELDS FROM `movies`[0m
  [4;36;1mSQL (0.7ms)[0m   [0;1mdescribe `movies`[0m
  [4;35;1mSQL (0.3ms)[0m   [0mSHOW KEYS FROM `movies`[0m
  [4;36;1mSQL (0.8ms)[0m   [0;1mSHOW FIELDS FROM `tags`[0m
  [4;35;1mSQL (0.7ms)[0m   [0mdescribe `tags`[0m
  [4;36;1mSQL (0.4ms)[0m   [0;1mSHOW KEYS FROM `tags`[0m
  [4;35;1mSQL (1.0ms)[0m   [0mSHOW FIELDS FROM `votes`[0m
  [4;36;1mSQL (0.8ms)[0m   [0;1mdescribe `votes`[0m
  [4;35;1mSQL (0.4ms)[0m   [0mSHOW KEYS FROM `votes`[0m
  [4;36;1mSQL (0.2ms)[0m   [0;1mSET NAMES 'utf8'[0m
  [4;35;1mSQL (0.2ms)[0m   [0mSET SQL_AUTO_IS_NULL=0[0m


Processing MoviesController#index (for 127.0.0.1 at 2011-05-02 09:24:04) [GET]
  [4;36;1mSQL (0.6ms)[0m   [0;1mSHOW TABLES[0m
  [4;35;1mMovie Columns (4.5ms)[0m   [0mSHOW FIELDS FROM `movies`[0m
  [4;36;1mSQL (0.5ms)[0m   [0;1mSHOW TABLES[0m
  [4;35;1mMovie Columns (0.8ms)[0m   [0mSHOW FIELDS FROM `movies`[0m

NoMethodError (undefined method `genre' for #<Class:0xb6fcfe20>):
  app/models/movie.rb:3
  app/controllers/movies_controller.rb:5:in `index'
  /usr/lib/ruby/1.8/webrick/httpserver.rb:104:in `service'
  /usr/lib/ruby/1.8/webrick/httpserver.rb:65:in `run'
  /usr/lib/ruby/1.8/webrick/server.rb:173:in `start_thread'
  /usr/lib/ruby/1.8/webrick/server.rb:162:in `start'
  /usr/lib/ruby/1.8/webrick/server.rb:162:in `start_thread'
  /usr/lib/ruby/1.8/webrick/server.rb:95:in `start'
  /usr/lib/ruby/1.8/webrick/server.rb:92:in `each'
  /usr/lib/ruby/1.8/webrick/server.rb:92:in `start'
  /usr/lib/ruby/1.8/webrick/server.rb:23:in `start'
  /usr/lib/ruby/1.8/webrick/server.rb:82:in `start'

Rendered rescues/_trace (35.2ms)
Rendered rescues/_request_and_response (1.2ms)
Rendering rescues/layout (internal_server_error)
  [4;36;1mSQL (0.1ms)[0m   [0;1mSET NAMES 'utf8'[0m
  [4;35;1mSQL (0.1ms)[0m   [0mSET SQL_AUTO_IS_NULL=0[0m


Processing MoviesController#index (for 127.0.0.1 at 2011-05-02 09:24:52) [GET]
  [4;36;1mMovie Load (1.9ms)[0m   [0;1mSELECT * FROM `movies` [0m
Rendering template within layouts/movies
Rendering movies/index
Completed in 70ms (View: 46, DB: 2) | 200 OK [http://localhost/movies]
  [4;35;1mSQL (0.1ms)[0m   [0mSET NAMES 'utf8'[0m
  [4;36;1mSQL (0.1ms)[0m   [0;1mSET SQL_AUTO_IS_NULL=0[0m


Processing MoviesController#new (for 127.0.0.1 at 2011-05-02 09:25:02) [GET]
  [4;35;1mMovie Columns (1.0ms)[0m   [0mSHOW FIELDS FROM `movies`[0m
Rendering template within layouts/movies
Rendering movies/new
Completed in 25ms (View: 15, DB: 1) | 200 OK [http://localhost/movies/new]
  [4;36;1mSQL (0.1ms)[0m   [0;1mSET NAMES 'utf8'[0m
  [4;35;1mSQL (0.1ms)[0m   [0mSET SQL_AUTO_IS_NULL=0[0m


Processing MoviesController#index (for 127.0.0.1 at 2011-05-02 09:25:06) [GET]
  [4;36;1mMovie Load (0.3ms)[0m   [0;1mSELECT * FROM `movies` [0m
Rendering template within layouts/movies
Rendering movies/index
Completed in 9ms (View: 2, DB: 0) | 200 OK [http://localhost/movies]
  [4;35;1mSQL (0.2ms)[0m   [0mSET NAMES 'utf8'[0m
  [4;36;1mSQL (0.2ms)[0m   [0;1mSET SQL_AUTO_IS_NULL=0[0m


Processing MoviesController#index (for 127.0.0.1 at 2011-05-02 09:28:36) [GET]
  [4;35;1mSQL (0.4ms)[0m   [0mSHOW TABLES[0m
  [4;36;1mMovie Columns (0.4ms)[0m   [0;1mSHOW FIELDS FROM `movies`[0m
  [4;35;1mSQL (0.4ms)[0m   [0mSHOW TABLES[0m
  [4;36;1mMovie Columns (0.6ms)[0m   [0;1mSHOW FIELDS FROM `movies`[0m

NoMethodError (undefined method `genre' for #<Class:0xb6faa968>):
  app/models/movie.rb:3
  app/controllers/movies_controller.rb:5:in `index'
  /usr/lib/ruby/1.8/webrick/httpserver.rb:104:in `service'
  /usr/lib/ruby/1.8/webrick/httpserver.rb:65:in `run'
  /usr/lib/ruby/1.8/webrick/server.rb:173:in `start_thread'
  /usr/lib/ruby/1.8/webrick/server.rb:162:in `start'
  /usr/lib/ruby/1.8/webrick/server.rb:162:in `start_thread'
  /usr/lib/ruby/1.8/webrick/server.rb:95:in `start'
  /usr/lib/ruby/1.8/webrick/server.rb:92:in `each'
  /usr/lib/ruby/1.8/webrick/server.rb:92:in `start'
  /usr/lib/ruby/1.8/webrick/server.rb:23:in `start'
  /usr/lib/ruby/1.8/webrick/server.rb:82:in `start'

Rendered rescues/_trace (29.0ms)
Rendered rescues/_request_and_response (0.3ms)
Rendering rescues/layout (internal_server_error)
  [4;35;1mSQL (0.1ms)[0m   [0mSET NAMES 'utf8'[0m
  [4;36;1mSQL (0.1ms)[0m   [0;1mSET SQL_AUTO_IS_NULL=0[0m


Processing MoviesController#index (for 127.0.0.1 at 2011-05-02 09:33:07) [GET]
  [4;35;1mSQL (0.4ms)[0m   [0mSHOW TABLES[0m
  [4;36;1mMovie Columns (0.5ms)[0m   [0;1mSHOW FIELDS FROM `movies`[0m
  [4;35;1mSQL (0.3ms)[0m   [0mSHOW TABLES[0m
  [4;36;1mMovie Columns (0.5ms)[0m   [0;1mSHOW FIELDS FROM `movies`[0m

NoMethodError (undefined method `validates_existence_of' for #<Class:0xb6ea54a0>):
  app/models/movie.rb:3
  app/controllers/movies_controller.rb:5:in `index'
  /usr/lib/ruby/1.8/webrick/httpserver.rb:104:in `service'
  /usr/lib/ruby/1.8/webrick/httpserver.rb:65:in `run'
  /usr/lib/ruby/1.8/webrick/server.rb:173:in `start_thread'
  /usr/lib/ruby/1.8/webrick/server.rb:162:in `start'
  /usr/lib/ruby/1.8/webrick/server.rb:162:in `start_thread'
  /usr/lib/ruby/1.8/webrick/server.rb:95:in `start'
  /usr/lib/ruby/1.8/webrick/server.rb:92:in `each'
  /usr/lib/ruby/1.8/webrick/server.rb:92:in `start'
  /usr/lib/ruby/1.8/webrick/server.rb:23:in `start'
  /usr/lib/ruby/1.8/webrick/server.rb:82:in `start'

Rendered rescues/_trace (27.0ms)
Rendered rescues/_request_and_response (0.3ms)
Rendering rescues/layout (internal_server_error)
  [4;35;1mSQL (0.2ms)[0m   [0mSET NAMES 'utf8'[0m
  [4;36;1mSQL (0.1ms)[0m   [0;1mSET SQL_AUTO_IS_NULL=0[0m


Processing MoviesController#index (for 127.0.0.1 at 2011-05-02 09:34:51) [GET]
  [4;35;1mMovie Load (0.2ms)[0m   [0mSELECT * FROM `movies` [0m
Rendering template within layouts/movies
Rendering movies/index
Completed in 59ms (View: 1, DB: 0) | 200 OK [http://localhost/movies]
  [4;36;1mSQL (0.2ms)[0m   [0;1mSET NAMES 'utf8'[0m
  [4;35;1mSQL (0.1ms)[0m   [0mSET SQL_AUTO_IS_NULL=0[0m


Processing MoviesController#new (for 127.0.0.1 at 2011-05-02 09:34:53) [GET]
  [4;36;1mMovie Columns (0.6ms)[0m   [0;1mSHOW FIELDS FROM `movies`[0m
Rendering template within layouts/movies
Rendering movies/new
Completed in 13ms (View: 6, DB: 1) | 200 OK [http://localhost/movies/new]
  [4;35;1mSQL (0.1ms)[0m   [0mSET NAMES 'utf8'[0m
  [4;36;1mSQL (0.1ms)[0m   [0;1mSET SQL_AUTO_IS_NULL=0[0m


Processing MoviesController#index (for 127.0.0.1 at 2011-05-02 09:49:27) [GET]
  [4;35;1mMovie Load (0.1ms)[0m   [0mSELECT * FROM `movies` [0m
Rendering template within layouts/movies
Rendering movies/index
Completed in 7ms (View: 1, DB: 0) | 200 OK [http://localhost/movies]
  [4;36;1mSQL (0.1ms)[0m   [0;1mSET NAMES 'utf8'[0m
  [4;35;1mSQL (0.1ms)[0m   [0mSET SQL_AUTO_IS_NULL=0[0m


Processing MoviesController#index (for 127.0.0.1 at 2011-05-02 09:50:06) [GET]
  [4;36;1mMovie Load (0.1ms)[0m   [0;1mSELECT * FROM `movies` [0m
Rendering template within layouts/movies
Rendering movies/index
Completed in 8ms (View: 1, DB: 0) | 200 OK [http://localhost/movies]
  [4;35;1mSQL (0.1ms)[0m   [0mSET NAMES 'utf8'[0m
  [4;36;1mSQL (0.1ms)[0m   [0;1mSET SQL_AUTO_IS_NULL=0[0m


Processing MoviesController#index (for 127.0.0.1 at 2011-05-02 09:50:09) [GET]
  [4;35;1mMovie Load (0.2ms)[0m   [0mSELECT * FROM `movies` [0m
Rendering template within layouts/movies
Rendering movies/index
Completed in 7ms (View: 1, DB: 0) | 200 OK [http://localhost/movies]
  [4;36;1mSQL (0.1ms)[0m   [0;1mSET NAMES 'utf8'[0m
  [4;35;1mSQL (0.1ms)[0m   [0mSET SQL_AUTO_IS_NULL=0[0m


Processing MoviesController#index (for 127.0.0.1 at 2011-05-02 09:50:13) [GET]
  [4;36;1mMovie Load (0.1ms)[0m   [0;1mSELECT * FROM `movies` [0m
Rendering template within layouts/movies
Rendering movies/index
Completed in 8ms (View: 1, DB: 0) | 200 OK [http://localhost/movies]
  [4;35;1mSQL (0.1ms)[0m   [0mSET NAMES 'utf8'[0m
  [4;36;1mSQL (0.1ms)[0m   [0;1mSET SQL_AUTO_IS_NULL=0[0m


Processing MoviesController#index (for 127.0.0.1 at 2011-05-02 09:50:36) [GET]
  [4;35;1mMovie Load (0.2ms)[0m   [0mSELECT * FROM `movies` [0m
Rendering template within layouts/movies
Rendering movies/index
Completed in 7ms (View: 1, DB: 0) | 200 OK [http://localhost/movies]
  [4;36;1mSQL (0.1ms)[0m   [0;1mSET NAMES 'utf8'[0m
  [4;35;1mSQL (0.1ms)[0m   [0mSET SQL_AUTO_IS_NULL=0[0m


Processing MoviesController#index (for 127.0.0.1 at 2011-05-02 09:50:40) [GET]
  [4;36;1mMovie Load (0.2ms)[0m   [0;1mSELECT * FROM `movies` [0m
Rendering template within layouts/movies
Rendering movies/index
Completed in 10ms (View: 3, DB: 0) | 200 OK [http://localhost/movies]
  [4;35;1mSQL (0.1ms)[0m   [0mSET NAMES 'utf8'[0m
  [4;36;1mSQL (0.1ms)[0m   [0;1mSET SQL_AUTO_IS_NULL=0[0m


Processing MoviesController#new (for 127.0.0.1 at 2011-05-02 09:50:45) [GET]
  [4;35;1mMovie Columns (0.6ms)[0m   [0mSHOW FIELDS FROM `movies`[0m
Rendering template within layouts/movies
Rendering movies/new

ActionView::TemplateError (Missing template genre/_genre_selector.erb in view path app/views) on line #15 of app/views/movies/new.html.erb:
12:     <%= f.text_field :genre_id %>
13:   </p>
14:   <!-- Genre -->
15:     <%= render :partial => "genre/genre_selector" %>
16:   <!-- Tags -->
17:   <p>
18:     <%= f.submit 'Create' %>

    app/views/movies/new.html.erb:15
    app/views/movies/new.html.erb:3
    app/controllers/movies_controller.rb:29:in `new'
    /usr/lib/ruby/1.8/webrick/httpserver.rb:104:in `service'
    /usr/lib/ruby/1.8/webrick/httpserver.rb:65:in `run'
    /usr/lib/ruby/1.8/webrick/server.rb:173:in `start_thread'
    /usr/lib/ruby/1.8/webrick/server.rb:162:in `start'
    /usr/lib/ruby/1.8/webrick/server.rb:162:in `start_thread'
    /usr/lib/ruby/1.8/webrick/server.rb:95:in `start'
    /usr/lib/ruby/1.8/webrick/server.rb:92:in `each'
    /usr/lib/ruby/1.8/webrick/server.rb:92:in `start'
    /usr/lib/ruby/1.8/webrick/server.rb:23:in `start'
    /usr/lib/ruby/1.8/webrick/server.rb:82:in `start'

Rendered rescues/_trace (33.9ms)
Rendered rescues/_request_and_response (0.3ms)
Rendering rescues/layout (internal_server_error)
  [4;36;1mSQL (0.1ms)[0m   [0;1mSET NAMES 'utf8'[0m
  [4;35;1mSQL (0.1ms)[0m   [0mSET SQL_AUTO_IS_NULL=0[0m


Processing MoviesController#new (for 127.0.0.1 at 2011-05-02 09:51:14) [GET]
  [4;36;1mMovie Columns (0.6ms)[0m   [0;1mSHOW FIELDS FROM `movies`[0m
Rendering template within layouts/movies
Rendering movies/new
  [4;35;1mGenre Load (0.4ms)[0m   [0mSELECT * FROM `genres` [0m
Rendered genres/_genre_selector (16.4ms)
Completed in 78ms (View: 71, DB: 1) | 200 OK [http://localhost/movies/new]
  [4;36;1mSQL (0.1ms)[0m   [0;1mSET NAMES 'utf8'[0m
  [4;35;1mSQL (0.1ms)[0m   [0mSET SQL_AUTO_IS_NULL=0[0m


Processing MoviesController#new (for 127.0.0.1 at 2011-05-02 09:53:25) [GET]
  [4;36;1mMovie Columns (0.6ms)[0m   [0;1mSHOW FIELDS FROM `movies`[0m
Rendering template within layouts/movies
Rendering movies/new
ERROR: compiling _run_erb_app47views47movies47new46html46erb RAISED compile error
/home/jhurwich/Documents/Projects/movietracker/app/views/movies/new.html.erb:15: syntax error, unexpected ':', expecting ')'
...l => "genres/genre_selector" :locals => {:id => 'genre_selec...
                              ^
Function body:           def _run_erb_app47views47movies47new46html46erb(local_assigns)
            old_output_buffer = output_buffer;;@output_buffer = '';  __in_erb_template=true ; @output_buffer.concat "<h1>New movie</h1>\n\n"

;  form_for(@movie) do |f| ; @output_buffer.concat "\n  "
; @output_buffer.concat(( f.error_messages ).to_s); @output_buffer.concat "\n\n  <p>\n    "


; @output_buffer.concat(( f.label :title ).to_s); @output_buffer.concat "<br />\n    "
; @output_buffer.concat(( f.text_field :title ).to_s); @output_buffer.concat "\n  </p>\n  <p>\n    "


; @output_buffer.concat(( f.label :genre_id ).to_s); @output_buffer.concat "<br />\n    "
; @output_buffer.concat(( f.text_field :genre_id ).to_s); @output_buffer.concat "\n  </p>\n  <!-- Genre -->\n    "


; @output_buffer.concat(( render :partial => "genres/genre_selector" :locals => {:id => 'genre_selector'} ).to_s); @output_buffer.concat "\n  <!-- Tags -->\n  <p>\n    "


; @output_buffer.concat(( f.submit 'Create' ).to_s); @output_buffer.concat "\n  </p>\n"

;  end ; @output_buffer.concat "\n\n"

; @output_buffer.concat(( link_to 'Back', movies_path ).to_s); @output_buffer.concat "\n"
; @output_buffer
          ensure
            self.output_buffer = old_output_buffer
          end
Backtrace: /home/jhurwich/Documents/Projects/movietracker/app/views/movies/new.html.erb:26:in `compile!'
/var/lib/gems/1.8/gems/actionpack-2.3.8/lib/action_view/renderable.rb:61:in `compile'
/var/lib/gems/1.8/gems/actionpack-2.3.8/lib/action_view/renderable.rb:28:in `render'
/var/lib/gems/1.8/gems/actionpack-2.3.8/lib/action_view/template.rb:205:in `render_template'
/var/lib/gems/1.8/gems/actionpack-2.3.8/lib/action_view/base.rb:265:in `render'
/var/lib/gems/1.8/gems/actionpack-2.3.8/lib/action_view/base.rb:348:in `_render_with_layout'
/var/lib/gems/1.8/gems/actionpack-2.3.8/lib/action_view/base.rb:262:in `render'
/var/lib/gems/1.8/gems/actionpack-2.3.8/lib/action_controller/base.rb:1250:in `render_for_file'
/var/lib/gems/1.8/gems/actionpack-2.3.8/lib/action_controller/base.rb:942:in `render_without_benchmark'
/var/lib/gems/1.8/gems/actionpack-2.3.8/lib/action_controller/benchmarking.rb:51:in `render'
/var/lib/gems/1.8/gems/activesupport-2.3.8/lib/active_support/core_ext/benchmark.rb:17:in `ms'
/usr/lib/ruby/1.8/benchmark.rb:308:in `realtime'
/var/lib/gems/1.8/gems/activesupport-2.3.8/lib/active_support/core_ext/benchmark.rb:17:in `ms'
/var/lib/gems/1.8/gems/actionpack-2.3.8/lib/action_controller/benchmarking.rb:51:in `render'
/var/lib/gems/1.8/gems/actionpack-2.3.8/lib/action_controller/mime_responds.rb:135:in `send'
/var/lib/gems/1.8/gems/actionpack-2.3.8/lib/action_controller/mime_responds.rb:135:in `custom'
/var/lib/gems/1.8/gems/actionpack-2.3.8/lib/action_controller/mime_responds.rb:179:in `call'
/var/lib/gems/1.8/gems/actionpack-2.3.8/lib/action_controller/mime_responds.rb:179:in `respond'
/var/lib/gems/1.8/gems/actionpack-2.3.8/lib/action_controller/mime_responds.rb:173:in `each'
/var/lib/gems/1.8/gems/actionpack-2.3.8/lib/action_controller/mime_responds.rb:173:in `respond'
/var/lib/gems/1.8/gems/actionpack-2.3.8/lib/action_controller/mime_responds.rb:107:in `respond_to'
/home/jhurwich/Documents/Projects/movietracker/app/controllers/movies_controller.rb:29:in `new'
/var/lib/gems/1.8/gems/actionpack-2.3.8/lib/action_controller/base.rb:1331:in `send'
/var/lib/gems/1.8/gems/actionpack-2.3.8/lib/action_controller/base.rb:1331:in `perform_action_without_filters'
/var/lib/gems/1.8/gems/actionpack-2.3.8/lib/action_controller/filters.rb:617:in `call_filters'
/var/lib/gems/1.8/gems/actionpack-2.3.8/lib/action_controller/filters.rb:610:in `perform_action_without_benchmark'
/var/lib/gems/1.8/gems/actionpack-2.3.8/lib/action_controller/benchmarking.rb:68:in `perform_action_without_rescue'
/var/lib/gems/1.8/gems/activesupport-2.3.8/lib/active_support/core_ext/benchmark.rb:17:in `ms'
/usr/lib/ruby/1.8/benchmark.rb:308:in `realtime'
/var/lib/gems/1.8/gems/activesupport-2.3.8/lib/active_support/core_ext/benchmark.rb:17:in `ms'
/var/lib/gems/1.8/gems/actionpack-2.3.8/lib/action_controller/benchmarking.rb:68:in `perform_action_without_rescue'
/var/lib/gems/1.8/gems/actionpack-2.3.8/lib/action_controller/rescue.rb:160:in `perform_action_without_flash'
/var/lib/gems/1.8/gems/actionpack-2.3.8/lib/action_controller/flash.rb:151:in `perform_action'
/var/lib/gems/1.8/gems/actionpack-2.3.8/lib/action_controller/base.rb:532:in `send'
/var/lib/gems/1.8/gems/actionpack-2.3.8/lib/action_controller/base.rb:532:in `process_without_filters'
/var/lib/gems/1.8/gems/actionpack-2.3.8/lib/action_controller/filters.rb:606:in `process'
/var/lib/gems/1.8/gems/actionpack-2.3.8/lib/action_controller/base.rb:391:in `process'
/var/lib/gems/1.8/gems/actionpack-2.3.8/lib/action_controller/base.rb:386:in `call'
/var/lib/gems/1.8/gems/actionpack-2.3.8/lib/action_controller/routing/route_set.rb:438:in `call'
/var/lib/gems/1.8/gems/actionpack-2.3.8/lib/action_controller/dispatcher.rb:87:in `dispatch'
/var/lib/gems/1.8/gems/actionpack-2.3.8/lib/action_controller/dispatcher.rb:121:in `_call'
/var/lib/gems/1.8/gems/actionpack-2.3.8/lib/action_controller/dispatcher.rb:130:in `build_middleware_stack'
/var/lib/gems/1.8/gems/activerecord-2.3.8/lib/active_record/query_cache.rb:29:in `call'
/var/lib/gems/1.8/gems/activerecord-2.3.8/lib/active_record/query_cache.rb:29:in `call'
/var/lib/gems/1.8/gems/activerecord-2.3.8/lib/active_record/connection_adapters/abstract/query_cache.rb:34:in `cache'
/var/lib/gems/1.8/gems/activerecord-2.3.8/lib/active_record/query_cache.rb:9:in `cache'
/var/lib/gems/1.8/gems/activerecord-2.3.8/lib/active_record/query_cache.rb:28:in `call'
/var/lib/gems/1.8/gems/activerecord-2.3.8/lib/active_record/connection_adapters/abstract/connection_pool.rb:361:in `call'
/var/lib/gems/1.8/gems/actionpack-2.3.8/lib/action_controller/string_coercion.rb:25:in `call'
/var/lib/gems/1.8/gems/rack-1.1.0/lib/rack/head.rb:9:in `call'
/var/lib/gems/1.8/gems/rack-1.1.0/lib/rack/methodoverride.rb:24:in `call'
/var/lib/gems/1.8/gems/actionpack-2.3.8/lib/action_controller/params_parser.rb:15:in `call'
/var/lib/gems/1.8/gems/actionpack-2.3.8/lib/action_controller/session/cookie_store.rb:99:in `call'
/var/lib/gems/1.8/gems/actionpack-2.3.8/lib/action_controller/failsafe.rb:26:in `call'
/var/lib/gems/1.8/gems/rack-1.1.0/lib/rack/lock.rb:11:in `call'
/var/lib/gems/1.8/gems/rack-1.1.0/lib/rack/lock.rb:11:in `synchronize'
/var/lib/gems/1.8/gems/rack-1.1.0/lib/rack/lock.rb:11:in `call'
/var/lib/gems/1.8/gems/actionpack-2.3.8/lib/action_controller/dispatcher.rb:114:in `call'
/var/lib/gems/1.8/gems/actionpack-2.3.8/lib/action_controller/reloader.rb:34:in `run'
/var/lib/gems/1.8/gems/actionpack-2.3.8/lib/action_controller/dispatcher.rb:108:in `call'
/var/lib/gems/1.8/gems/rails-2.3.8/lib/rails/rack/static.rb:31:in `call'
/var/lib/gems/1.8/gems/rack-1.1.0/lib/rack/urlmap.rb:47:in `call'
/var/lib/gems/1.8/gems/rack-1.1.0/lib/rack/urlmap.rb:41:in `each'
/var/lib/gems/1.8/gems/rack-1.1.0/lib/rack/urlmap.rb:41:in `call'
/var/lib/gems/1.8/gems/rails-2.3.8/lib/rails/rack/log_tailer.rb:17:in `call'
/var/lib/gems/1.8/gems/rack-1.1.0/lib/rack/content_length.rb:13:in `call'
/var/lib/gems/1.8/gems/rack-1.1.0/lib/rack/handler/webrick.rb:48:in `service'
/usr/lib/ruby/1.8/webrick/httpserver.rb:104:in `service'
/usr/lib/ruby/1.8/webrick/httpserver.rb:65:in `run'
/usr/lib/ruby/1.8/webrick/server.rb:173:in `start_thread'
/usr/lib/ruby/1.8/webrick/server.rb:162:in `start'
/usr/lib/ruby/1.8/webrick/server.rb:162:in `start_thread'
/usr/lib/ruby/1.8/webrick/server.rb:95:in `start'
/usr/lib/ruby/1.8/webrick/server.rb:92:in `each'
/usr/lib/ruby/1.8/webrick/server.rb:92:in `start'
/usr/lib/ruby/1.8/webrick/server.rb:23:in `start'
/usr/lib/ruby/1.8/webrick/server.rb:82:in `start'
/var/lib/gems/1.8/gems/rack-1.1.0/lib/rack/handler/webrick.rb:14:in `run'
/var/lib/gems/1.8/gems/rails-2.3.8/lib/commands/server.rb:111
/usr/lib/ruby/1.8/rubygems/custom_require.rb:31:in `gem_original_require'
/usr/lib/ruby/1.8/rubygems/custom_require.rb:31:in `require'
./script/server:3

ActionView::TemplateError (compile error
/home/jhurwich/Documents/Projects/movietracker/app/views/movies/new.html.erb:15: syntax error, unexpected ':', expecting ')'
...l => "genres/genre_selector" :locals => {:id => 'genre_selec...
                              ^) on line #15 of app/views/movies/new.html.erb:
12:     <%= f.text_field :genre_id %>
13:   </p>
14:   <!-- Genre -->
15:     <%= render :partial => "genres/genre_selector" :locals => {:id => 'genre_selector'} %>
16:   <!-- Tags -->
17:   <p>
18:     <%= f.submit 'Create' %>

    app/views/movies/new.html.erb:26:in `compile!'
    app/controllers/movies_controller.rb:29:in `new'
    /usr/lib/ruby/1.8/webrick/httpserver.rb:104:in `service'
    /usr/lib/ruby/1.8/webrick/httpserver.rb:65:in `run'
    /usr/lib/ruby/1.8/webrick/server.rb:173:in `start_thread'
    /usr/lib/ruby/1.8/webrick/server.rb:162:in `start'
    /usr/lib/ruby/1.8/webrick/server.rb:162:in `start_thread'
    /usr/lib/ruby/1.8/webrick/server.rb:95:in `start'
    /usr/lib/ruby/1.8/webrick/server.rb:92:in `each'
    /usr/lib/ruby/1.8/webrick/server.rb:92:in `start'
    /usr/lib/ruby/1.8/webrick/server.rb:23:in `start'
    /usr/lib/ruby/1.8/webrick/server.rb:82:in `start'

Rendered rescues/_trace (30.8ms)
Rendered rescues/_request_and_response (0.3ms)
Rendering rescues/layout (internal_server_error)
  [4;35;1mSQL (0.1ms)[0m   [0mSET NAMES 'utf8'[0m
  [4;36;1mSQL (0.1ms)[0m   [0;1mSET SQL_AUTO_IS_NULL=0[0m


Processing MoviesController#new (for 127.0.0.1 at 2011-05-02 09:53:31) [GET]
  [4;35;1mMovie Columns (495.5ms)[0m   [0mSHOW FIELDS FROM `movies`[0m
Rendering template within layouts/movies
Rendering movies/new
  [4;36;1mGenre Load (0.1ms)[0m   [0;1mSELECT * FROM `genres` [0m
Rendered genres/_genre_selector (4.1ms)
Completed in 520ms (View: 19, DB: 496) | 200 OK [http://localhost/movies/new]
  [4;35;1mSQL (0.1ms)[0m   [0mSET NAMES 'utf8'[0m
  [4;36;1mSQL (0.1ms)[0m   [0;1mSET SQL_AUTO_IS_NULL=0[0m


Processing MoviesController#new (for 127.0.0.1 at 2011-05-02 09:55:18) [GET]
  [4;35;1mMovie Columns (0.6ms)[0m   [0mSHOW FIELDS FROM `movies`[0m
Rendering template within layouts/movies
Rendering movies/new
  [4;36;1mGenre Load (0.2ms)[0m   [0;1mSELECT * FROM `genres` [0m
Rendered genres/_genre_selector (4.4ms)
  [4;35;1mTag Load (0.3ms)[0m   [0mSELECT * FROM `tags` [0m
Rendered tags/_tag_selector (4.7ms)
Completed in 89ms (View: 24, DB: 1) | 200 OK [http://localhost/movies/new]
  [4;36;1mSQL (0.1ms)[0m   [0;1mSET NAMES 'utf8'[0m
  [4;35;1mSQL (0.1ms)[0m   [0mSET SQL_AUTO_IS_NULL=0[0m


Processing MoviesController#new (for 127.0.0.1 at 2011-05-02 09:55:41) [GET]
  [4;36;1mMovie Columns (0.6ms)[0m   [0;1mSHOW FIELDS FROM `movies`[0m
Rendering template within layouts/movies
Rendering movies/new
  [4;35;1mGenre Load (0.1ms)[0m   [0mSELECT * FROM `genres` [0m
Rendered genres/_genre_selector (3.9ms)
  [4;36;1mTag Load (0.1ms)[0m   [0;1mSELECT * FROM `tags` [0m
Rendered tags/_tag_selector (3.6ms)
Completed in 26ms (View: 17, DB: 1) | 200 OK [http://localhost/movies/new]
  [4;35;1mSQL (0.1ms)[0m   [0mSET NAMES 'utf8'[0m
  [4;36;1mSQL (0.1ms)[0m   [0;1mSET SQL_AUTO_IS_NULL=0[0m


Processing MoviesController#new (for 127.0.0.1 at 2011-05-02 10:07:13) [GET]
  [4;35;1mMovie Columns (0.9ms)[0m   [0mSHOW FIELDS FROM `movies`[0m
Rendering template within layouts/movies
Rendering movies/new
  [4;36;1mGenre Load (0.1ms)[0m   [0;1mSELECT * FROM `genres` [0m

ActionView::TemplateError (undefined method `option_from_collection_for_select' for #<ActionView::Base:0xb6f110ec>) on line #2 of app/views/genres/_genre_selector.html.erb:
1: <%=
2: option_string = option_from_collection_for_select(Genre.all, 'id', 'name')
3: select_tag id,
4:   option_string,
5:   {:onchange => ""}

    app/views/genres/_genre_selector.html.erb:2
    app/views/movies/new.html.erb:12
    app/views/movies/new.html.erb:3
    app/controllers/movies_controller.rb:29:in `new'
    /usr/lib/ruby/1.8/webrick/httpserver.rb:104:in `service'
    /usr/lib/ruby/1.8/webrick/httpserver.rb:65:in `run'
    /usr/lib/ruby/1.8/webrick/server.rb:173:in `start_thread'
    /usr/lib/ruby/1.8/webrick/server.rb:162:in `start'
    /usr/lib/ruby/1.8/webrick/server.rb:162:in `start_thread'
    /usr/lib/ruby/1.8/webrick/server.rb:95:in `start'
    /usr/lib/ruby/1.8/webrick/server.rb:92:in `each'
    /usr/lib/ruby/1.8/webrick/server.rb:92:in `start'
    /usr/lib/ruby/1.8/webrick/server.rb:23:in `start'
    /usr/lib/ruby/1.8/webrick/server.rb:82:in `start'

Rendered rescues/_trace (107.0ms)
Rendered rescues/_request_and_response (0.3ms)
Rendering rescues/layout (internal_server_error)
  [4;35;1mSQL (0.1ms)[0m   [0mSET NAMES 'utf8'[0m
  [4;36;1mSQL (0.1ms)[0m   [0;1mSET SQL_AUTO_IS_NULL=0[0m


Processing MoviesController#new (for 127.0.0.1 at 2011-05-02 10:07:33) [GET]
  [4;35;1mMovie Columns (0.7ms)[0m   [0mSHOW FIELDS FROM `movies`[0m
Rendering template within layouts/movies
Rendering movies/new
  [4;36;1mGenre Load (0.1ms)[0m   [0;1mSELECT * FROM `genres` [0m
Rendered genres/_genre_selector (4.3ms)
  [4;35;1mTag Load (0.1ms)[0m   [0mSELECT * FROM `tags` [0m
Rendered tags/_tag_selector (4.1ms)
Completed in 28ms (View: 21, DB: 1) | 200 OK [http://localhost/movies/new]
  [4;36;1mSQL (8.1ms)[0m   [0;1mSET NAMES 'utf8'[0m
  [4;35;1mSQL (1.0ms)[0m   [0mSET SQL_AUTO_IS_NULL=0[0m


Processing MoviesController#new (for 127.0.0.1 at 2011-05-02 17:19:00) [GET]
  [4;36;1mMovie Columns (8.8ms)[0m   [0;1mSHOW FIELDS FROM `movies`[0m
Rendering template within layouts/movies
Rendering movies/new
  [4;35;1mGenre Load (3.9ms)[0m   [0mSELECT * FROM `genres` [0m
Rendered genres/_genre_selector (10.3ms)
  [4;36;1mTag Load (0.3ms)[0m   [0;1mSELECT * FROM `tags` [0m

ActionView::TemplateError (wrong number of arguments (3 for 5)) on line #7 of app/views/tags/_tag_selector.html.erb:
4: tag_options.each do |tag|
5:   option_string = option_string + "<option>" + tag.name + "</option>"
6: end
7: collection_select :tag_id,
8:                   option_string,
9:                   {:onchange => "", :multiple => true}
10: %>

    app/views/tags/_tag_selector.html.erb:7:in `collection_select'
    app/views/tags/_tag_selector.html.erb:7
    app/views/movies/new.html.erb:22
    app/views/movies/new.html.erb:3
    app/controllers/movies_controller.rb:29:in `new'
    /usr/lib/ruby/1.8/webrick/httpserver.rb:104:in `service'
    /usr/lib/ruby/1.8/webrick/httpserver.rb:65:in `run'
    /usr/lib/ruby/1.8/webrick/server.rb:173:in `start_thread'
    /usr/lib/ruby/1.8/webrick/server.rb:162:in `start'
    /usr/lib/ruby/1.8/webrick/server.rb:162:in `start_thread'
    /usr/lib/ruby/1.8/webrick/server.rb:95:in `start'
    /usr/lib/ruby/1.8/webrick/server.rb:92:in `each'
    /usr/lib/ruby/1.8/webrick/server.rb:92:in `start'
    /usr/lib/ruby/1.8/webrick/server.rb:23:in `start'
    /usr/lib/ruby/1.8/webrick/server.rb:82:in `start'

Rendered rescues/_trace (41.8ms)
Rendered rescues/_request_and_response (1.2ms)
Rendering rescues/layout (internal_server_error)
  [4;35;1mSQL (0.1ms)[0m   [0mSET NAMES 'utf8'[0m
  [4;36;1mSQL (0.1ms)[0m   [0;1mSET SQL_AUTO_IS_NULL=0[0m


Processing MoviesController#new (for 127.0.0.1 at 2011-05-02 17:19:36) [GET]
  [4;35;1mMovie Columns (2.6ms)[0m   [0mSHOW FIELDS FROM `movies`[0m
Rendering template within layouts/movies
Rendering movies/new
  [4;36;1mGenre Load (0.1ms)[0m   [0;1mSELECT * FROM `genres` [0m
Rendered genres/_genre_selector (4.4ms)
  [4;35;1mTag Load (0.1ms)[0m   [0mSELECT * FROM `tags` [0m
Rendered tags/_tag_selector (4.9ms)
Completed in 85ms (View: 75, DB: 3) | 200 OK [http://localhost/movies/new]
  [4;36;1mSQL (0.1ms)[0m   [0;1mSET NAMES 'utf8'[0m
  [4;35;1mSQL (0.1ms)[0m   [0mSET SQL_AUTO_IS_NULL=0[0m


Processing MoviesController#new (for 127.0.0.1 at 2011-05-02 17:19:48) [GET]
  [4;36;1mMovie Columns (0.6ms)[0m   [0;1mSHOW FIELDS FROM `movies`[0m
Rendering template within layouts/movies
Rendering movies/new
  [4;35;1mGenre Load (0.1ms)[0m   [0mSELECT * FROM `genres` [0m
Rendered genres/_genre_selector (4.1ms)
  [4;36;1mTag Load (0.1ms)[0m   [0;1mSELECT * FROM `tags` [0m
Rendered tags/_tag_selector (3.6ms)
Completed in 26ms (View: 17, DB: 1) | 200 OK [http://localhost/movies/new]
  [4;35;1mSQL (0.1ms)[0m   [0mSET NAMES 'utf8'[0m
  [4;36;1mSQL (0.1ms)[0m   [0;1mSET SQL_AUTO_IS_NULL=0[0m


Processing ApplicationController#index (for 127.0.0.1 at 2011-05-02 17:20:26) [GET]

ActionController::RoutingError (No route matches "/genre/new" with {:method=>:get}):
  /usr/lib/ruby/1.8/webrick/httpserver.rb:104:in `service'
  /usr/lib/ruby/1.8/webrick/httpserver.rb:65:in `run'
  /usr/lib/ruby/1.8/webrick/server.rb:173:in `start_thread'
  /usr/lib/ruby/1.8/webrick/server.rb:162:in `start'
  /usr/lib/ruby/1.8/webrick/server.rb:162:in `start_thread'
  /usr/lib/ruby/1.8/webrick/server.rb:95:in `start'
  /usr/lib/ruby/1.8/webrick/server.rb:92:in `each'
  /usr/lib/ruby/1.8/webrick/server.rb:92:in `start'
  /usr/lib/ruby/1.8/webrick/server.rb:23:in `start'
  /usr/lib/ruby/1.8/webrick/server.rb:82:in `start'

Rendering rescues/layout (not_found)
  [4;35;1mSQL (0.1ms)[0m   [0mSET NAMES 'utf8'[0m
  [4;36;1mSQL (0.1ms)[0m   [0;1mSET SQL_AUTO_IS_NULL=0[0m


Processing GenresController#new (for 127.0.0.1 at 2011-05-02 17:20:30) [GET]
  [4;35;1mGenre Columns (0.7ms)[0m   [0mSHOW FIELDS FROM `genres`[0m
Rendering template within layouts/genres
Rendering genres/new
Completed in 23ms (View: 18, DB: 1) | 200 OK [http://localhost/genres/new]
  [4;36;1mSQL (0.1ms)[0m   [0;1mSET NAMES 'utf8'[0m
  [4;35;1mSQL (0.1ms)[0m   [0mSET SQL_AUTO_IS_NULL=0[0m


Processing GenresController#create (for 127.0.0.1 at 2011-05-02 17:20:34) [POST]
  Parameters: {"commit"=>"Create", "authenticity_token"=>"8072wUA5tRVzHD8yRtpdi85ZlePoypvdsol0YL5eSOw=", "genre"=>{"name"=>"SciFi"}}
  [4;36;1mGenre Columns (0.9ms)[0m   [0;1mSHOW FIELDS FROM `genres`[0m
  [4;35;1mSQL (0.1ms)[0m   [0mBEGIN[0m
  [4;36;1mGenre Load (7.5ms)[0m   [0;1mSELECT `genres`.id FROM `genres` WHERE (`genres`.`name` = BINARY 'SciFi') LIMIT 1[0m
  [4;35;1mGenre Create (0.9ms)[0m   [0mINSERT INTO `genres` (`name`, `created_at`, `updated_at`) VALUES('SciFi', '2011-05-03 00:20:34', '2011-05-03 00:20:34')[0m
  [4;36;1mSQL (13.9ms)[0m   [0;1mCOMMIT[0m
Redirected to http://localhost:3000/genres/1
Completed in 32ms (DB: 23) | 302 Found [http://localhost/genres]
  [4;35;1mSQL (0.1ms)[0m   [0mSET NAMES 'utf8'[0m
  [4;36;1mSQL (0.1ms)[0m   [0;1mSET SQL_AUTO_IS_NULL=0[0m


Processing GenresController#show (for 127.0.0.1 at 2011-05-02 17:20:35) [GET]
  Parameters: {"id"=>"1"}
  [4;35;1mGenre Columns (0.5ms)[0m   [0mSHOW FIELDS FROM `genres`[0m
  [4;36;1mGenre Load (0.4ms)[0m   [0;1mSELECT * FROM `genres` WHERE (`genres`.`id` = 1) [0m
Rendering template within layouts/genres
Rendering genres/show
Completed in 12ms (View: 6, DB: 1) | 200 OK [http://localhost/genres/1]
  [4;35;1mSQL (0.2ms)[0m   [0mSET NAMES 'utf8'[0m
  [4;36;1mSQL (0.2ms)[0m   [0;1mSET SQL_AUTO_IS_NULL=0[0m


Processing GenresController#edit (for 127.0.0.1 at 2011-05-02 17:20:38) [GET]
  Parameters: {"id"=>"1"}
  [4;35;1mGenre Columns (1.0ms)[0m   [0mSHOW FIELDS FROM `genres`[0m
  [4;36;1mGenre Load (0.1ms)[0m   [0;1mSELECT * FROM `genres` WHERE (`genres`.`id` = 1) [0m
Rendering template within layouts/genres
Rendering genres/edit
Completed in 23ms (View: 17, DB: 1) | 200 OK [http://localhost/genres/1/edit]
  [4;35;1mSQL (0.1ms)[0m   [0mSET NAMES 'utf8'[0m
  [4;36;1mSQL (0.1ms)[0m   [0;1mSET SQL_AUTO_IS_NULL=0[0m


Processing GenresController#index (for 127.0.0.1 at 2011-05-02 17:20:39) [GET]
  [4;35;1mGenre Load (0.3ms)[0m   [0mSELECT * FROM `genres` [0m
Rendering template within layouts/genres
Rendering genres/index
  [4;36;1mGenre Columns (0.6ms)[0m   [0;1mSHOW FIELDS FROM `genres`[0m
Completed in 15ms (View: 10, DB: 1) | 200 OK [http://localhost/genres]
  [4;35;1mSQL (0.2ms)[0m   [0mSET NAMES 'utf8'[0m
  [4;36;1mSQL (0.1ms)[0m   [0;1mSET SQL_AUTO_IS_NULL=0[0m


Processing GenresController#new (for 127.0.0.1 at 2011-05-02 17:20:41) [GET]
  [4;35;1mGenre Columns (0.9ms)[0m   [0mSHOW FIELDS FROM `genres`[0m
Rendering template within layouts/genres
Rendering genres/new
Completed in 10ms (View: 5, DB: 1) | 200 OK [http://localhost/genres/new]
  [4;36;1mSQL (0.1ms)[0m   [0;1mSET NAMES 'utf8'[0m
  [4;35;1mSQL (0.1ms)[0m   [0mSET SQL_AUTO_IS_NULL=0[0m


Processing GenresController#create (for 127.0.0.1 at 2011-05-02 17:20:45) [POST]
  Parameters: {"commit"=>"Create", "authenticity_token"=>"8072wUA5tRVzHD8yRtpdi85ZlePoypvdsol0YL5eSOw=", "genre"=>{"name"=>"Fantasy"}}
  [4;36;1mGenre Columns (0.8ms)[0m   [0;1mSHOW FIELDS FROM `genres`[0m
  [4;35;1mSQL (0.1ms)[0m   [0mBEGIN[0m
  [4;36;1mGenre Load (0.4ms)[0m   [0;1mSELECT `genres`.id FROM `genres` WHERE (`genres`.`name` = BINARY 'Fantasy') LIMIT 1[0m
  [4;35;1mGenre Create (0.2ms)[0m   [0mINSERT INTO `genres` (`name`, `created_at`, `updated_at`) VALUES('Fantasy', '2011-05-03 00:20:45', '2011-05-03 00:20:45')[0m
  [4;36;1mSQL (12.9ms)[0m   [0;1mCOMMIT[0m
Redirected to http://localhost:3000/genres/2
Completed in 22ms (DB: 15) | 302 Found [http://localhost/genres]
  [4;35;1mSQL (0.2ms)[0m   [0mSET NAMES 'utf8'[0m
  [4;36;1mSQL (0.1ms)[0m   [0;1mSET SQL_AUTO_IS_NULL=0[0m


Processing GenresController#show (for 127.0.0.1 at 2011-05-02 17:20:45) [GET]
  Parameters: {"id"=>"2"}
  [4;35;1mGenre Columns (1.0ms)[0m   [0mSHOW FIELDS FROM `genres`[0m
  [4;36;1mGenre Load (0.3ms)[0m   [0;1mSELECT * FROM `genres` WHERE (`genres`.`id` = 2) [0m
Rendering template within layouts/genres
Rendering genres/show
Completed in 8ms (View: 2, DB: 2) | 200 OK [http://localhost/genres/2]
  [4;35;1mSQL (0.1ms)[0m   [0mSET NAMES 'utf8'[0m
  [4;36;1mSQL (0.1ms)[0m   [0;1mSET SQL_AUTO_IS_NULL=0[0m


Processing GenresController#index (for 127.0.0.1 at 2011-05-02 17:20:47) [GET]
  [4;35;1mGenre Load (0.4ms)[0m   [0mSELECT * FROM `genres` [0m
Rendering template within layouts/genres
Rendering genres/index
  [4;36;1mGenre Columns (0.8ms)[0m   [0;1mSHOW FIELDS FROM `genres`[0m
Completed in 13ms (View: 7, DB: 1) | 200 OK [http://localhost/genres]
  [4;35;1mSQL (0.1ms)[0m   [0mSET NAMES 'utf8'[0m
  [4;36;1mSQL (0.1ms)[0m   [0;1mSET SQL_AUTO_IS_NULL=0[0m


Processing GenresController#new (for 127.0.0.1 at 2011-05-02 17:20:48) [GET]
  [4;35;1mGenre Columns (0.7ms)[0m   [0mSHOW FIELDS FROM `genres`[0m
Rendering template within layouts/genres
Rendering genres/new
Completed in 10ms (View: 5, DB: 1) | 200 OK [http://localhost/genres/new]
  [4;36;1mSQL (0.1ms)[0m   [0;1mSET NAMES 'utf8'[0m
  [4;35;1mSQL (0.1ms)[0m   [0mSET SQL_AUTO_IS_NULL=0[0m


Processing GenresController#create (for 127.0.0.1 at 2011-05-02 17:20:54) [POST]
  Parameters: {"commit"=>"Create", "authenticity_token"=>"8072wUA5tRVzHD8yRtpdi85ZlePoypvdsol0YL5eSOw=", "genre"=>{"name"=>"Documentary"}}
  [4;36;1mGenre Columns (0.6ms)[0m   [0;1mSHOW FIELDS FROM `genres`[0m
  [4;35;1mSQL (0.1ms)[0m   [0mBEGIN[0m
  [4;36;1mGenre Load (0.4ms)[0m   [0;1mSELECT `genres`.id FROM `genres` WHERE (`genres`.`name` = BINARY 'Documentary') LIMIT 1[0m
  [4;35;1mGenre Create (0.2ms)[0m   [0mINSERT INTO `genres` (`name`, `created_at`, `updated_at`) VALUES('Documentary', '2011-05-03 00:20:54', '2011-05-03 00:20:54')[0m
  [4;36;1mSQL (7.8ms)[0m   [0;1mCOMMIT[0m
Redirected to http://localhost:3000/genres/3
Completed in 18ms (DB: 9) | 302 Found [http://localhost/genres]
  [4;35;1mSQL (0.1ms)[0m   [0mSET NAMES 'utf8'[0m
  [4;36;1mSQL (0.1ms)[0m   [0;1mSET SQL_AUTO_IS_NULL=0[0m


Processing GenresController#show (for 127.0.0.1 at 2011-05-02 17:20:54) [GET]
  Parameters: {"id"=>"3"}
  [4;35;1mGenre Columns (0.6ms)[0m   [0mSHOW FIELDS FROM `genres`[0m
  [4;36;1mGenre Load (0.2ms)[0m   [0;1mSELECT * FROM `genres` WHERE (`genres`.`id` = 3) [0m
Rendering template within layouts/genres
Rendering genres/show
Completed in 8ms (View: 2, DB: 1) | 200 OK [http://localhost/genres/3]
  [4;35;1mSQL (0.2ms)[0m   [0mSET NAMES 'utf8'[0m
  [4;36;1mSQL (0.1ms)[0m   [0;1mSET SQL_AUTO_IS_NULL=0[0m


Processing GenresController#index (for 127.0.0.1 at 2011-05-02 17:20:56) [GET]
  [4;35;1mGenre Load (0.5ms)[0m   [0mSELECT * FROM `genres` [0m
Rendering template within layouts/genres
Rendering genres/index
  [4;36;1mGenre Columns (0.6ms)[0m   [0;1mSHOW FIELDS FROM `genres`[0m
Completed in 18ms (View: 12, DB: 1) | 200 OK [http://localhost/genres]
  [4;35;1mSQL (0.1ms)[0m   [0mSET NAMES 'utf8'[0m
  [4;36;1mSQL (0.1ms)[0m   [0;1mSET SQL_AUTO_IS_NULL=0[0m


Processing MoviesController#index (for 127.0.0.1 at 2011-05-02 17:21:03) [GET]
  [4;35;1mMovie Load (0.3ms)[0m   [0mSELECT * FROM `movies` [0m
Rendering template within layouts/movies
Rendering movies/index
Completed in 11ms (View: 5, DB: 1) | 200 OK [http://localhost/movies]
  [4;36;1mSQL (0.1ms)[0m   [0;1mSET NAMES 'utf8'[0m
  [4;35;1mSQL (0.1ms)[0m   [0mSET SQL_AUTO_IS_NULL=0[0m


Processing MoviesController#new (for 127.0.0.1 at 2011-05-02 17:21:05) [GET]
  [4;36;1mMovie Columns (1.0ms)[0m   [0;1mSHOW FIELDS FROM `movies`[0m
Rendering template within layouts/movies
Rendering movies/new
  [4;35;1mGenre Load (0.2ms)[0m   [0mSELECT * FROM `genres` [0m
  [4;36;1mGenre Columns (0.9ms)[0m   [0;1mSHOW FIELDS FROM `genres`[0m
Rendered genres/_genre_selector (6.2ms)
  [4;35;1mTag Load (0.1ms)[0m   [0mSELECT * FROM `tags` [0m
Rendered tags/_tag_selector (5.0ms)
Completed in 78ms (View: 17, DB: 2) | 200 OK [http://localhost/movies/new]
  [4;36;1mSQL (0.1ms)[0m   [0;1mSET NAMES 'utf8'[0m
  [4;35;1mSQL (0.1ms)[0m   [0mSET SQL_AUTO_IS_NULL=0[0m


Processing TagsController#new (for 127.0.0.1 at 2011-05-02 17:21:15) [GET]
  [4;36;1mTag Columns (0.6ms)[0m   [0;1mSHOW FIELDS FROM `tags`[0m
Rendering template within layouts/tags
Rendering tags/new
Completed in 22ms (View: 16, DB: 1) | 200 OK [http://localhost/tags/new]
  [4;35;1mSQL (0.1ms)[0m   [0mSET NAMES 'utf8'[0m
  [4;36;1mSQL (0.1ms)[0m   [0;1mSET SQL_AUTO_IS_NULL=0[0m


Processing TagsController#create (for 127.0.0.1 at 2011-05-02 17:21:21) [POST]
  Parameters: {"commit"=>"Create", "authenticity_token"=>"8072wUA5tRVzHD8yRtpdi85ZlePoypvdsol0YL5eSOw=", "tag"=>{"name"=>"Date Movie"}}
  [4;35;1mTag Columns (1.1ms)[0m   [0mSHOW FIELDS FROM `tags`[0m
  [4;36;1mSQL (0.1ms)[0m   [0;1mBEGIN[0m
  [4;35;1mTag Load (0.4ms)[0m   [0mSELECT `tags`.id FROM `tags` WHERE (`tags`.`name` = BINARY 'Date Movie') LIMIT 1[0m
  [4;36;1mTag Create (0.3ms)[0m   [0;1mINSERT INTO `tags` (`name`, `created_at`, `updated_at`) VALUES('Date Movie', '2011-05-03 00:21:21', '2011-05-03 00:21:21')[0m
  [4;35;1mSQL (8.1ms)[0m   [0mCOMMIT[0m
Redirected to http://localhost:3000/tags/1
Completed in 22ms (DB: 10) | 302 Found [http://localhost/tags]
  [4;36;1mSQL (0.2ms)[0m   [0;1mSET NAMES 'utf8'[0m
  [4;35;1mSQL (0.1ms)[0m   [0mSET SQL_AUTO_IS_NULL=0[0m


Processing TagsController#show (for 127.0.0.1 at 2011-05-02 17:21:21) [GET]
  Parameters: {"id"=>"1"}
  [4;36;1mTag Columns (0.5ms)[0m   [0;1mSHOW FIELDS FROM `tags`[0m
  [4;35;1mTag Load (0.2ms)[0m   [0mSELECT * FROM `tags` WHERE (`tags`.`id` = 1) [0m
Rendering template within layouts/tags
Rendering tags/show
Completed in 13ms (View: 7, DB: 1) | 200 OK [http://localhost/tags/1]
  [4;36;1mSQL (0.2ms)[0m   [0;1mSET NAMES 'utf8'[0m
  [4;35;1mSQL (0.2ms)[0m   [0mSET SQL_AUTO_IS_NULL=0[0m


Processing TagsController#index (for 127.0.0.1 at 2011-05-02 17:21:23) [GET]
  [4;36;1mTag Load (0.3ms)[0m   [0;1mSELECT * FROM `tags` [0m
Rendering template within layouts/tags
Rendering tags/index
  [4;35;1mTag Columns (0.5ms)[0m   [0mSHOW FIELDS FROM `tags`[0m
Completed in 13ms (View: 8, DB: 1) | 200 OK [http://localhost/tags]
  [4;36;1mSQL (0.1ms)[0m   [0;1mSET NAMES 'utf8'[0m
  [4;35;1mSQL (0.1ms)[0m   [0mSET SQL_AUTO_IS_NULL=0[0m


Processing TagsController#new (for 127.0.0.1 at 2011-05-02 17:21:24) [GET]
  [4;36;1mTag Columns (1.0ms)[0m   [0;1mSHOW FIELDS FROM `tags`[0m
Rendering template within layouts/tags
Rendering tags/new
Completed in 61ms (View: 5, DB: 1) | 200 OK [http://localhost/tags/new]
  [4;35;1mSQL (0.1ms)[0m   [0mSET NAMES 'utf8'[0m
  [4;36;1mSQL (0.1ms)[0m   [0;1mSET SQL_AUTO_IS_NULL=0[0m


Processing TagsController#create (for 127.0.0.1 at 2011-05-02 17:21:30) [POST]
  Parameters: {"commit"=>"Create", "authenticity_token"=>"8072wUA5tRVzHD8yRtpdi85ZlePoypvdsol0YL5eSOw=", "tag"=>{"name"=>"Awesomely Bad"}}
  [4;35;1mTag Columns (1.0ms)[0m   [0mSHOW FIELDS FROM `tags`[0m
  [4;36;1mSQL (0.1ms)[0m   [0;1mBEGIN[0m
  [4;35;1mTag Load (0.3ms)[0m   [0mSELECT `tags`.id FROM `tags` WHERE (`tags`.`name` = BINARY 'Awesomely Bad') LIMIT 1[0m
  [4;36;1mTag Create (0.2ms)[0m   [0;1mINSERT INTO `tags` (`name`, `created_at`, `updated_at`) VALUES('Awesomely Bad', '2011-05-03 00:21:30', '2011-05-03 00:21:30')[0m
  [4;35;1mSQL (645.5ms)[0m   [0mCOMMIT[0m
Redirected to http://localhost:3000/tags/2
Completed in 657ms (DB: 647) | 302 Found [http://localhost/tags]
  [4;36;1mSQL (0.1ms)[0m   [0;1mSET NAMES 'utf8'[0m
  [4;35;1mSQL (0.1ms)[0m   [0mSET SQL_AUTO_IS_NULL=0[0m


Processing TagsController#show (for 127.0.0.1 at 2011-05-02 17:21:31) [GET]
  Parameters: {"id"=>"2"}
  [4;36;1mTag Columns (0.6ms)[0m   [0;1mSHOW FIELDS FROM `tags`[0m
  [4;35;1mTag Load (0.2ms)[0m   [0mSELECT * FROM `tags` WHERE (`tags`.`id` = 2) [0m
Rendering template within layouts/tags
Rendering tags/show
Completed in 8ms (View: 2, DB: 1) | 200 OK [http://localhost/tags/2]
  [4;36;1mSQL (0.1ms)[0m   [0;1mSET NAMES 'utf8'[0m
  [4;35;1mSQL (0.1ms)[0m   [0mSET SQL_AUTO_IS_NULL=0[0m


Processing TagsController#index (for 127.0.0.1 at 2011-05-02 17:21:32) [GET]
  [4;36;1mTag Load (0.4ms)[0m   [0;1mSELECT * FROM `tags` [0m
Rendering template within layouts/tags
Rendering tags/index
  [4;35;1mTag Columns (0.9ms)[0m   [0mSHOW FIELDS FROM `tags`[0m
Completed in 22ms (View: 15, DB: 2) | 200 OK [http://localhost/tags]
  [4;36;1mSQL (0.2ms)[0m   [0;1mSET NAMES 'utf8'[0m
  [4;35;1mSQL (0.1ms)[0m   [0mSET SQL_AUTO_IS_NULL=0[0m


Processing TagsController#new (for 127.0.0.1 at 2011-05-02 17:21:34) [GET]
  [4;36;1mTag Columns (1.0ms)[0m   [0;1mSHOW FIELDS FROM `tags`[0m
Rendering template within layouts/tags
Rendering tags/new
Completed in 10ms (View: 5, DB: 1) | 200 OK [http://localhost/tags/new]
  [4;35;1mSQL (0.1ms)[0m   [0mSET NAMES 'utf8'[0m
  [4;36;1mSQL (0.1ms)[0m   [0;1mSET SQL_AUTO_IS_NULL=0[0m


Processing TagsController#create (for 127.0.0.1 at 2011-05-02 17:21:39) [POST]
  Parameters: {"commit"=>"Create", "authenticity_token"=>"8072wUA5tRVzHD8yRtpdi85ZlePoypvdsol0YL5eSOw=", "tag"=>{"name"=>"Chick Flick"}}
  [4;35;1mTag Columns (0.7ms)[0m   [0mSHOW FIELDS FROM `tags`[0m
  [4;36;1mSQL (0.1ms)[0m   [0;1mBEGIN[0m
  [4;35;1mTag Load (0.3ms)[0m   [0mSELECT `tags`.id FROM `tags` WHERE (`tags`.`name` = BINARY 'Chick Flick') LIMIT 1[0m
  [4;36;1mTag Create (0.2ms)[0m   [0;1mINSERT INTO `tags` (`name`, `created_at`, `updated_at`) VALUES('Chick Flick', '2011-05-03 00:21:39', '2011-05-03 00:21:39')[0m
  [4;35;1mSQL (24.9ms)[0m   [0mCOMMIT[0m
Redirected to http://localhost:3000/tags/3
Completed in 37ms (DB: 26) | 302 Found [http://localhost/tags]
  [4;36;1mSQL (0.2ms)[0m   [0;1mSET NAMES 'utf8'[0m
  [4;35;1mSQL (0.1ms)[0m   [0mSET SQL_AUTO_IS_NULL=0[0m


Processing TagsController#show (for 127.0.0.1 at 2011-05-02 17:21:39) [GET]
  Parameters: {"id"=>"3"}
  [4;36;1mTag Columns (0.9ms)[0m   [0;1mSHOW FIELDS FROM `tags`[0m
  [4;35;1mTag Load (0.4ms)[0m   [0mSELECT * FROM `tags` WHERE (`tags`.`id` = 3) [0m
Rendering template within layouts/tags
Rendering tags/show
Completed in 10ms (View: 3, DB: 2) | 200 OK [http://localhost/tags/3]
  [4;36;1mSQL (0.2ms)[0m   [0;1mSET NAMES 'utf8'[0m
  [4;35;1mSQL (0.2ms)[0m   [0mSET SQL_AUTO_IS_NULL=0[0m


Processing TagsController#index (for 127.0.0.1 at 2011-05-02 17:21:41) [GET]
  [4;36;1mTag Load (0.3ms)[0m   [0;1mSELECT * FROM `tags` [0m
Rendering template within layouts/tags
Rendering tags/index
  [4;35;1mTag Columns (0.5ms)[0m   [0mSHOW FIELDS FROM `tags`[0m
Completed in 14ms (View: 9, DB: 1) | 200 OK [http://localhost/tags]
  [4;36;1mSQL (0.1ms)[0m   [0;1mSET NAMES 'utf8'[0m
  [4;35;1mSQL (0.1ms)[0m   [0mSET SQL_AUTO_IS_NULL=0[0m


Processing MoviesController#index (for 127.0.0.1 at 2011-05-02 17:21:46) [GET]
  [4;36;1mMovie Load (0.2ms)[0m   [0;1mSELECT * FROM `movies` [0m
Rendering template within layouts/movies
Rendering movies/index
Completed in 8ms (View: 1, DB: 0) | 200 OK [http://localhost/movies]
  [4;35;1mSQL (0.1ms)[0m   [0mSET NAMES 'utf8'[0m
  [4;36;1mSQL (0.1ms)[0m   [0;1mSET SQL_AUTO_IS_NULL=0[0m


Processing MoviesController#new (for 127.0.0.1 at 2011-05-02 17:21:48) [GET]
  [4;35;1mMovie Columns (1.0ms)[0m   [0mSHOW FIELDS FROM `movies`[0m
Rendering template within layouts/movies
Rendering movies/new
  [4;36;1mGenre Load (0.2ms)[0m   [0;1mSELECT * FROM `genres` [0m
  [4;35;1mGenre Columns (0.9ms)[0m   [0mSHOW FIELDS FROM `genres`[0m
Rendered genres/_genre_selector (5.7ms)
  [4;36;1mTag Load (0.1ms)[0m   [0;1mSELECT * FROM `tags` [0m
  [4;35;1mTag Columns (0.9ms)[0m   [0mSHOW FIELDS FROM `tags`[0m
Rendered tags/_tag_selector (6.7ms)
Completed in 27ms (View: 17, DB: 3) | 200 OK [http://localhost/movies/new]
  [4;36;1mSQL (0.1ms)[0m   [0;1mSET NAMES 'utf8'[0m
  [4;35;1mSQL (0.1ms)[0m   [0mSET SQL_AUTO_IS_NULL=0[0m


Processing MoviesController#create (for 127.0.0.1 at 2011-05-02 17:22:18) [POST]
  Parameters: {"commit"=>"Create", "authenticity_token"=>"8072wUA5tRVzHD8yRtpdi85ZlePoypvdsol0YL5eSOw=", "movie"=>{"title"=>"TestMovie", "genre_id"=>"1"}, "tag_ids"=>["Awesomely Bad", "Chick Flick"]}
  [4;36;1mMovie Columns (1.0ms)[0m   [0;1mSHOW FIELDS FROM `movies`[0m
  [4;35;1mSQL (0.1ms)[0m   [0mBEGIN[0m
  [4;36;1mGenre Columns (0.9ms)[0m   [0;1mSHOW FIELDS FROM `genres`[0m
  [4;35;1mGenre Load (0.3ms)[0m   [0mSELECT * FROM `genres` WHERE (`genres`.`id` = 1) [0m
  [4;36;1mMovie Create (0.3ms)[0m   [0;1mINSERT INTO `movies` (`created_at`, `title`, `genre_id`, `updated_at`) VALUES('2011-05-03 00:22:18', 'TestMovie', 1, '2011-05-03 00:22:18')[0m
  [4;35;1mSQL (3.6ms)[0m   [0mCOMMIT[0m
Redirected to http://localhost:3000/movies/1
Completed in 23ms (DB: 6) | 302 Found [http://localhost/movies]
  [4;36;1mSQL (0.1ms)[0m   [0;1mSET NAMES 'utf8'[0m
  [4;35;1mSQL (0.2ms)[0m   [0mSET SQL_AUTO_IS_NULL=0[0m


Processing MoviesController#show (for 127.0.0.1 at 2011-05-02 17:22:19) [GET]
  Parameters: {"id"=>"1"}
  [4;36;1mMovie Columns (0.6ms)[0m   [0;1mSHOW FIELDS FROM `movies`[0m
  [4;35;1mMovie Load (0.2ms)[0m   [0mSELECT * FROM `movies` WHERE (`movies`.`id` = 1) [0m
Rendering template within layouts/movies
Rendering movies/show
Completed in 13ms (View: 6, DB: 1) | 200 OK [http://localhost/movies/1]
  [4;36;1mSQL (0.2ms)[0m   [0;1mSET NAMES 'utf8'[0m
  [4;35;1mSQL (0.2ms)[0m   [0mSET SQL_AUTO_IS_NULL=0[0m


Processing MoviesController#index (for 127.0.0.1 at 2011-05-02 17:22:20) [GET]
  [4;36;1mMovie Load (0.4ms)[0m   [0;1mSELECT * FROM `movies` [0m
Rendering template within layouts/movies
Rendering movies/index
  [4;35;1mMovie Columns (0.9ms)[0m   [0mSHOW FIELDS FROM `movies`[0m
Completed in 13ms (View: 5, DB: 2) | 200 OK [http://localhost/movies]
  [4;36;1mSQL (0.2ms)[0m   [0;1mSET NAMES 'utf8'[0m
  [4;35;1mSQL (0.1ms)[0m   [0mSET SQL_AUTO_IS_NULL=0[0m


Processing MoviesController#show (for 127.0.0.1 at 2011-05-02 17:22:22) [GET]
  Parameters: {"id"=>"1"}
  [4;36;1mMovie Columns (1.0ms)[0m   [0;1mSHOW FIELDS FROM `movies`[0m
  [4;35;1mMovie Load (0.1ms)[0m   [0mSELECT * FROM `movies` WHERE (`movies`.`id` = 1) [0m
Rendering template within layouts/movies
Rendering movies/show
Completed in 10ms (View: 2, DB: 1) | 200 OK [http://localhost/movies/1]
  [4;36;1mSQL (0.1ms)[0m   [0;1mSET NAMES 'utf8'[0m
  [4;35;1mSQL (0.1ms)[0m   [0mSET SQL_AUTO_IS_NULL=0[0m


Processing MoviesController#index (for 127.0.0.1 at 2011-05-02 17:22:24) [GET]
  [4;36;1mMovie Load (0.1ms)[0m   [0;1mSELECT * FROM `movies` [0m
Rendering template within layouts/movies
Rendering movies/index
  [4;35;1mMovie Columns (1.0ms)[0m   [0mSHOW FIELDS FROM `movies`[0m
Completed in 12ms (View: 5, DB: 1) | 200 OK [http://localhost/movies]
  [4;36;1mSQL (0.2ms)[0m   [0;1mSET NAMES 'utf8'[0m
  [4;35;1mSQL (0.1ms)[0m   [0mSET SQL_AUTO_IS_NULL=0[0m
  [4;36;1mSQL (0.4ms)[0m   [0;1mSHOW TABLES[0m
  [4;35;1mSQL (24.7ms)[0m   [0mCREATE TABLE `schema_migrations` (`version` varchar(255) NOT NULL) ENGINE=InnoDB[0m
  [4;36;1mSQL (0.5ms)[0m   [0;1mSHOW KEYS FROM `schema_migrations`[0m
  [4;35;1mSQL (47.7ms)[0m   [0mCREATE UNIQUE INDEX `unique_schema_migrations` ON `schema_migrations` (`version`)[0m
  [4;36;1mSQL (0.4ms)[0m   [0;1mSHOW TABLES[0m
  [4;35;1mSQL (0.4ms)[0m   [0mSELECT version FROM schema_migrations[0m
Migrating to CreateMovies (20110502013852)
  [4;36;1mSQL (32.2ms)[0m   [0;1mCREATE TABLE `movies` (`id` int(11) DEFAULT NULL auto_increment PRIMARY KEY, `title` varchar(255), `genre_id` int(11), `created_at` datetime, `updated_at` datetime) ENGINE=InnoDB[0m
  [4;35;1mSQL (4.3ms)[0m   [0mINSERT INTO schema_migrations (version) VALUES ('20110502013852')[0m
Migrating to CreateGenres (20110502013921)
  [4;36;1mSQL (24.1ms)[0m   [0;1mCREATE TABLE `genres` (`id` int(11) DEFAULT NULL auto_increment PRIMARY KEY, `name` varchar(255), `created_at` datetime, `updated_at` datetime) ENGINE=InnoDB[0m
  [4;35;1mSQL (5.1ms)[0m   [0mINSERT INTO schema_migrations (version) VALUES ('20110502013921')[0m
Migrating to CreateTags (20110502013935)
  [4;36;1mSQL (22.6ms)[0m   [0;1mCREATE TABLE `tags` (`id` int(11) DEFAULT NULL auto_increment PRIMARY KEY, `name` varchar(255), `created_at` datetime, `updated_at` datetime) ENGINE=InnoDB[0m
  [4;35;1mSQL (5.0ms)[0m   [0mINSERT INTO schema_migrations (version) VALUES ('20110502013935')[0m
Migrating to CreateVotes (20110502014051)
  [4;36;1mSQL (23.6ms)[0m   [0;1mCREATE TABLE `votes` (`id` int(11) DEFAULT NULL auto_increment PRIMARY KEY, `val` int(11), `seen` tinyint(1), `user_id` int(11), `movie_id` int(11), `created_at` datetime, `updated_at` datetime) ENGINE=InnoDB[0m
  [4;35;1mSQL (4.3ms)[0m   [0mINSERT INTO schema_migrations (version) VALUES ('20110502014051')[0m
Migrating to CreateEvents (20110502014242)
  [4;36;1mSQL (24.8ms)[0m   [0;1mCREATE TABLE `events` (`id` int(11) DEFAULT NULL auto_increment PRIMARY KEY, `name` varchar(255), `location` varchar(255), `date` varchar(255), `created_at` datetime, `updated_at` datetime) ENGINE=InnoDB[0m
  [4;35;1mSQL (3.8ms)[0m   [0mINSERT INTO schema_migrations (version) VALUES ('20110502014242')[0m
Migrating to CreateMovieTags (20110503002908)
  [4;36;1mSQL (27.8ms)[0m   [0;1mCREATE TABLE `movie_tags` (`id` int(11) DEFAULT NULL auto_increment PRIMARY KEY, `movie_id` int(11), `tag_id` int(11), `created_at` datetime, `updated_at` datetime) ENGINE=InnoDB[0m
  [4;35;1mSQL (11.5ms)[0m   [0mINSERT INTO schema_migrations (version) VALUES ('20110503002908')[0m
Migrating to CreateMovieEvents (20110503003025)
  [4;36;1mSQL (15.6ms)[0m   [0;1mCREATE TABLE `movie_events` (`id` int(11) DEFAULT NULL auto_increment PRIMARY KEY, `movie_id` int(11), `event_id` int(11), `created_at` datetime, `updated_at` datetime) ENGINE=InnoDB[0m
  [4;35;1mSQL (13.3ms)[0m   [0mINSERT INTO schema_migrations (version) VALUES ('20110503003025')[0m
  [4;36;1mSQL (0.6ms)[0m   [0;1mSHOW TABLES[0m
  [4;35;1mSQL (0.3ms)[0m   [0mSELECT version FROM schema_migrations[0m
  [4;36;1mSQL (0.5ms)[0m   [0;1mSHOW TABLES[0m
  [4;35;1mSQL (1.0ms)[0m   [0mSHOW FIELDS FROM `events`[0m
  [4;36;1mSQL (0.8ms)[0m   [0;1mdescribe `events`[0m
  [4;35;1mSQL (0.4ms)[0m   [0mSHOW KEYS FROM `events`[0m
  [4;36;1mSQL (0.9ms)[0m   [0;1mSHOW FIELDS FROM `genres`[0m
  [4;35;1mSQL (0.7ms)[0m   [0mdescribe `genres`[0m
  [4;36;1mSQL (0.4ms)[0m   [0;1mSHOW KEYS FROM `genres`[0m
  [4;35;1mSQL (0.9ms)[0m   [0mSHOW FIELDS FROM `movie_events`[0m
  [4;36;1mSQL (0.7ms)[0m   [0;1mdescribe `movie_events`[0m
  [4;35;1mSQL (0.4ms)[0m   [0mSHOW KEYS FROM `movie_events`[0m
  [4;36;1mSQL (0.9ms)[0m   [0;1mSHOW FIELDS FROM `movie_tags`[0m
  [4;35;1mSQL (0.8ms)[0m   [0mdescribe `movie_tags`[0m
  [4;36;1mSQL (0.4ms)[0m   [0;1mSHOW KEYS FROM `movie_tags`[0m
  [4;35;1mSQL (0.9ms)[0m   [0mSHOW FIELDS FROM `movies`[0m
  [4;36;1mSQL (0.8ms)[0m   [0;1mdescribe `movies`[0m
  [4;35;1mSQL (0.3ms)[0m   [0mSHOW KEYS FROM `movies`[0m
  [4;36;1mSQL (0.9ms)[0m   [0;1mSHOW FIELDS FROM `tags`[0m
  [4;35;1mSQL (0.7ms)[0m   [0mdescribe `tags`[0m
  [4;36;1mSQL (0.4ms)[0m   [0;1mSHOW KEYS FROM `tags`[0m
  [4;35;1mSQL (1.0ms)[0m   [0mSHOW FIELDS FROM `votes`[0m
  [4;36;1mSQL (1.0ms)[0m   [0;1mdescribe `votes`[0m
  [4;35;1mSQL (0.4ms)[0m   [0mSHOW KEYS FROM `votes`[0m
  [4;36;1mSQL (0.1ms)[0m   [0;1mSET NAMES 'utf8'[0m
  [4;35;1mSQL (0.1ms)[0m   [0mSET SQL_AUTO_IS_NULL=0[0m


Processing MoviesController#new (for 127.0.0.1 at 2011-05-02 17:42:40) [GET]
  [4;36;1mMovie Columns (0.7ms)[0m   [0;1mSHOW FIELDS FROM `movies`[0m
Rendering template within layouts/movies
Rendering movies/new
  [4;35;1mGenre Load (0.4ms)[0m   [0mSELECT * FROM `genres` [0m
Rendered genres/_genre_selector (4.3ms)
  [4;36;1mTag Load (0.4ms)[0m   [0;1mSELECT * FROM `tags` [0m
  [4;35;1mTag Load (0.5ms)[0m   [0mSELECT `tags`.id FROM `tags` INNER JOIN `movie_tags` ON `tags`.id = `movie_tags`.tag_id WHERE ((`movie_tags`.movie_id = NULL)) [0m
Rendered tags/_tag_selector (9.8ms)
Completed in 92ms (View: 78, DB: 2) | 200 OK [http://localhost/movies/new]
  [4;36;1mSQL (0.3ms)[0m   [0;1mSET NAMES 'utf8'[0m
  [4;35;1mSQL (0.1ms)[0m   [0mSET SQL_AUTO_IS_NULL=0[0m


Processing MoviesController#new (for 127.0.0.1 at 2011-05-02 17:43:45) [GET]
  [4;36;1mMovie Columns (0.7ms)[0m   [0;1mSHOW FIELDS FROM `movies`[0m
Rendering template within layouts/movies
Rendering movies/new
  [4;35;1mGenre Load (0.1ms)[0m   [0mSELECT * FROM `genres` [0m
Rendered genres/_genre_selector (3.5ms)
  [4;36;1mTag Load (0.1ms)[0m   [0;1mSELECT * FROM `tags` [0m
  [4;35;1mTag Load (0.1ms)[0m   [0mSELECT `tags`.id FROM `tags` INNER JOIN `movie_tags` ON `tags`.id = `movie_tags`.tag_id WHERE ((`movie_tags`.movie_id = NULL)) [0m
Rendered tags/_tag_selector (7.8ms)
Completed in 28ms (View: 20, DB: 1) | 200 OK [http://localhost/movies/new]
  [4;36;1mSQL (0.1ms)[0m   [0;1mSET NAMES 'utf8'[0m
  [4;35;1mSQL (0.1ms)[0m   [0mSET SQL_AUTO_IS_NULL=0[0m


Processing MoviesController#index (for 127.0.0.1 at 2011-05-02 17:43:49) [GET]
  [4;36;1mMovie Load (0.3ms)[0m   [0;1mSELECT * FROM `movies` [0m
Rendering template within layouts/movies
Rendering movies/index
Completed in 7ms (View: 1, DB: 0) | 200 OK [http://localhost/movies]
  [4;35;1mSQL (0.1ms)[0m   [0mSET NAMES 'utf8'[0m
  [4;36;1mSQL (0.1ms)[0m   [0;1mSET SQL_AUTO_IS_NULL=0[0m


Processing MoviesController#index (for 127.0.0.1 at 2011-05-02 17:45:15) [GET]
  [4;35;1mMovie Load (0.1ms)[0m   [0mSELECT * FROM `movies` [0m
Rendering template within layouts/movies
Rendering movies/index
Completed in 9ms (View: 1, DB: 0) | 200 OK [http://localhost/movies]
  [4;36;1mSQL (0.1ms)[0m   [0;1mSET NAMES 'utf8'[0m
  [4;35;1mSQL (0.1ms)[0m   [0mSET SQL_AUTO_IS_NULL=0[0m


Processing MoviesController#new (for 127.0.0.1 at 2011-05-02 17:45:16) [GET]
  [4;36;1mMovie Columns (0.5ms)[0m   [0;1mSHOW FIELDS FROM `movies`[0m
Rendering template within layouts/movies
Rendering movies/new
  [4;35;1mGenre Load (0.2ms)[0m   [0mSELECT * FROM `genres` [0m
Rendered genres/_genre_selector (3.8ms)
  [4;36;1mTag Load (0.1ms)[0m   [0;1mSELECT * FROM `tags` [0m

ActionView::TemplateError (undefined method `merge' for :name:Symbol) on line #2 of app/views/tags/_tag_selector.html.erb:
1: <%=
2: form.collection_select :movie,
3:                        :tag_ids,
4:                        Tag.all,
5:                        :id,

    app/views/tags/_tag_selector.html.erb:2
    app/views/movies/new.html.erb:22
    app/views/movies/new.html.erb:3
    app/controllers/movies_controller.rb:29:in `new'
    /usr/lib/ruby/1.8/webrick/httpserver.rb:104:in `service'
    /usr/lib/ruby/1.8/webrick/httpserver.rb:65:in `run'
    /usr/lib/ruby/1.8/webrick/server.rb:173:in `start_thread'
    /usr/lib/ruby/1.8/webrick/server.rb:162:in `start'
    /usr/lib/ruby/1.8/webrick/server.rb:162:in `start_thread'
    /usr/lib/ruby/1.8/webrick/server.rb:95:in `start'
    /usr/lib/ruby/1.8/webrick/server.rb:92:in `each'
    /usr/lib/ruby/1.8/webrick/server.rb:92:in `start'
    /usr/lib/ruby/1.8/webrick/server.rb:23:in `start'
    /usr/lib/ruby/1.8/webrick/server.rb:82:in `start'

Rendered rescues/_trace (40.3ms)
Rendered rescues/_request_and_response (0.3ms)
Rendering rescues/layout (internal_server_error)
  [4;35;1mSQL (0.2ms)[0m   [0mSET NAMES 'utf8'[0m
  [4;36;1mSQL (0.2ms)[0m   [0;1mSET SQL_AUTO_IS_NULL=0[0m


Processing MoviesController#new (for 127.0.0.1 at 2011-05-02 17:54:27) [GET]
  [4;35;1mMovie Columns (1.0ms)[0m   [0mSHOW FIELDS FROM `movies`[0m
Rendering template within layouts/movies
Rendering movies/new
  [4;36;1mGenre Load (0.2ms)[0m   [0;1mSELECT * FROM `genres` [0m
Rendered genres/_genre_selector (4.1ms)
  [4;35;1mTag Load (0.2ms)[0m   [0mSELECT * FROM `tags` [0m
  [4;36;1mTag Load (0.1ms)[0m   [0;1mSELECT `tags`.id FROM `tags` INNER JOIN `movie_tags` ON `tags`.id = `movie_tags`.tag_id WHERE ((`movie_tags`.movie_id = NULL)) [0m
Rendered tags/_tag_selector (13.1ms)
Completed in 36ms (View: 27, DB: 2) | 200 OK [http://localhost/movies/new]
  [4;35;1mSQL (0.1ms)[0m   [0mSET NAMES 'utf8'[0m
  [4;36;1mSQL (0.1ms)[0m   [0;1mSET SQL_AUTO_IS_NULL=0[0m


Processing MoviesController#new (for 127.0.0.1 at 2011-05-02 17:57:08) [GET]
  [4;35;1mMovie Columns (0.7ms)[0m   [0mSHOW FIELDS FROM `movies`[0m
Rendering template within layouts/movies
Rendering movies/new
  [4;36;1mGenre Load (0.2ms)[0m   [0;1mSELECT * FROM `genres` [0m
Rendered genres/_genre_selector (3.5ms)
  [4;35;1mTag Load (0.1ms)[0m   [0mSELECT * FROM `tags` [0m
  [4;36;1mTag Load (0.1ms)[0m   [0;1mSELECT `tags`.id FROM `tags` INNER JOIN `movie_tags` ON `tags`.id = `movie_tags`.tag_id WHERE ((`movie_tags`.movie_id = NULL)) [0m
Rendered tags/_tag_selector (7.6ms)
Completed in 27ms (View: 19, DB: 1) | 200 OK [http://localhost/movies/new]
  [4;35;1mSQL (0.1ms)[0m   [0mSET NAMES 'utf8'[0m
  [4;36;1mSQL (0.1ms)[0m   [0;1mSET SQL_AUTO_IS_NULL=0[0m


Processing MoviesController#new (for 127.0.0.1 at 2011-05-02 17:57:25) [GET]
  [4;35;1mMovie Columns (1.0ms)[0m   [0mSHOW FIELDS FROM `movies`[0m
Rendering template within layouts/movies
Rendering movies/new
  [4;36;1mGenre Load (0.2ms)[0m   [0;1mSELECT * FROM `genres` [0m
Rendered genres/_genre_selector (3.5ms)
  [4;35;1mTag Load (0.1ms)[0m   [0mSELECT * FROM `tags` [0m
  [4;36;1mTag Load (0.1ms)[0m   [0;1mSELECT `tags`.id FROM `tags` INNER JOIN `movie_tags` ON `tags`.id = `movie_tags`.tag_id WHERE ((`movie_tags`.movie_id = NULL)) [0m
Rendered tags/_tag_selector (9.6ms)
Completed in 79ms (View: 72, DB: 2) | 200 OK [http://localhost/movies/new]
  [4;35;1mSQL (0.1ms)[0m   [0mSET NAMES 'utf8'[0m
  [4;36;1mSQL (0.1ms)[0m   [0;1mSET SQL_AUTO_IS_NULL=0[0m


Processing MoviesController#index (for 127.0.0.1 at 2011-05-02 17:57:30) [GET]
  [4;35;1mMovie Load (0.2ms)[0m   [0mSELECT * FROM `movies` [0m
Rendering template within layouts/movies
Rendering movies/index
Completed in 8ms (View: 1, DB: 0) | 200 OK [http://localhost/movies]
  [4;36;1mSQL (0.2ms)[0m   [0;1mSET NAMES 'utf8'[0m
  [4;35;1mSQL (0.2ms)[0m   [0mSET SQL_AUTO_IS_NULL=0[0m


Processing MoviesController#new (for 127.0.0.1 at 2011-05-02 17:57:32) [GET]
  [4;36;1mMovie Columns (0.8ms)[0m   [0;1mSHOW FIELDS FROM `movies`[0m
Rendering template within layouts/movies
Rendering movies/new
  [4;35;1mGenre Load (0.1ms)[0m   [0mSELECT * FROM `genres` [0m
Rendered genres/_genre_selector (3.5ms)
  [4;36;1mTag Load (0.1ms)[0m   [0;1mSELECT * FROM `tags` [0m
  [4;35;1mTag Load (0.1ms)[0m   [0mSELECT `tags`.id FROM `tags` INNER JOIN `movie_tags` ON `tags`.id = `movie_tags`.tag_id WHERE ((`movie_tags`.movie_id = NULL)) [0m
Rendered tags/_tag_selector (7.1ms)
Completed in 24ms (View: 17, DB: 2) | 200 OK [http://localhost/movies/new]
  [4;36;1mSQL (0.1ms)[0m   [0;1mSET NAMES 'utf8'[0m
  [4;35;1mSQL (0.2ms)[0m   [0mSET SQL_AUTO_IS_NULL=0[0m


Processing GenresController#index (for 127.0.0.1 at 2011-05-02 17:57:39) [GET]
  [4;36;1mGenre Load (0.1ms)[0m   [0;1mSELECT * FROM `genres` [0m
Rendering template within layouts/genres
Rendering genres/index
Completed in 6ms (View: 1, DB: 0) | 200 OK [http://localhost/genres]
  [4;35;1mSQL (0.1ms)[0m   [0mSET NAMES 'utf8'[0m
  [4;36;1mSQL (0.1ms)[0m   [0;1mSET SQL_AUTO_IS_NULL=0[0m


Processing GenresController#new (for 127.0.0.1 at 2011-05-02 17:57:41) [GET]
  [4;35;1mGenre Columns (0.6ms)[0m   [0mSHOW FIELDS FROM `genres`[0m
Rendering template within layouts/genres
Rendering genres/new
Completed in 10ms (View: 5, DB: 1) | 200 OK [http://localhost/genres/new]
  [4;36;1mSQL (0.1ms)[0m   [0;1mSET NAMES 'utf8'[0m
  [4;35;1mSQL (0.1ms)[0m   [0mSET SQL_AUTO_IS_NULL=0[0m


Processing GenresController#create (for 127.0.0.1 at 2011-05-02 17:57:45) [POST]
  Parameters: {"commit"=>"Create", "authenticity_token"=>"8072wUA5tRVzHD8yRtpdi85ZlePoypvdsol0YL5eSOw=", "genre"=>{"name"=>"SciFi"}}
  [4;36;1mGenre Columns (0.9ms)[0m   [0;1mSHOW FIELDS FROM `genres`[0m
  [4;35;1mSQL (0.1ms)[0m   [0mBEGIN[0m
  [4;36;1mGenre Load (0.4ms)[0m   [0;1mSELECT `genres`.id FROM `genres` WHERE (`genres`.`name` = BINARY 'SciFi') LIMIT 1[0m
  [4;35;1mGenre Create (0.2ms)[0m   [0mINSERT INTO `genres` (`name`, `created_at`, `updated_at`) VALUES('SciFi', '2011-05-03 00:57:45', '2011-05-03 00:57:45')[0m
  [4;36;1mSQL (11.1ms)[0m   [0;1mCOMMIT[0m
Redirected to http://localhost:3000/genres/1
Completed in 23ms (DB: 13) | 302 Found [http://localhost/genres]
  [4;35;1mSQL (0.1ms)[0m   [0mSET NAMES 'utf8'[0m
  [4;36;1mSQL (0.1ms)[0m   [0;1mSET SQL_AUTO_IS_NULL=0[0m


Processing GenresController#show (for 127.0.0.1 at 2011-05-02 17:57:45) [GET]
  Parameters: {"id"=>"1"}
  [4;35;1mGenre Columns (1.0ms)[0m   [0mSHOW FIELDS FROM `genres`[0m
  [4;36;1mGenre Load (0.4ms)[0m   [0;1mSELECT * FROM `genres` WHERE (`genres`.`id` = 1) [0m
Rendering template within layouts/genres
Rendering genres/show
Completed in 13ms (View: 5, DB: 2) | 200 OK [http://localhost/genres/1]
  [4;35;1mSQL (0.1ms)[0m   [0mSET NAMES 'utf8'[0m
  [4;36;1mSQL (0.1ms)[0m   [0;1mSET SQL_AUTO_IS_NULL=0[0m


Processing GenresController#index (for 127.0.0.1 at 2011-05-02 17:57:46) [GET]
  [4;35;1mGenre Load (0.4ms)[0m   [0mSELECT * FROM `genres` [0m
Rendering template within layouts/genres
Rendering genres/index
  [4;36;1mGenre Columns (0.4ms)[0m   [0;1mSHOW FIELDS FROM `genres`[0m
Completed in 10ms (View: 4, DB: 1) | 200 OK [http://localhost/genres]
  [4;35;1mSQL (0.1ms)[0m   [0mSET NAMES 'utf8'[0m
  [4;36;1mSQL (0.1ms)[0m   [0;1mSET SQL_AUTO_IS_NULL=0[0m


Processing GenresController#new (for 127.0.0.1 at 2011-05-02 17:57:48) [GET]
  [4;35;1mGenre Columns (0.6ms)[0m   [0mSHOW FIELDS FROM `genres`[0m
Rendering template within layouts/genres
Rendering genres/new
Completed in 10ms (View: 5, DB: 1) | 200 OK [http://localhost/genres/new]
  [4;36;1mSQL (0.1ms)[0m   [0;1mSET NAMES 'utf8'[0m
  [4;35;1mSQL (0.1ms)[0m   [0mSET SQL_AUTO_IS_NULL=0[0m


Processing GenresController#create (for 127.0.0.1 at 2011-05-02 17:57:53) [POST]
  Parameters: {"commit"=>"Create", "authenticity_token"=>"8072wUA5tRVzHD8yRtpdi85ZlePoypvdsol0YL5eSOw=", "genre"=>{"name"=>"Fantasy"}}
  [4;36;1mGenre Columns (1.0ms)[0m   [0;1mSHOW FIELDS FROM `genres`[0m
  [4;35;1mSQL (0.0ms)[0m   [0mBEGIN[0m
  [4;36;1mGenre Load (0.4ms)[0m   [0;1mSELECT `genres`.id FROM `genres` WHERE (`genres`.`name` = BINARY 'Fantasy') LIMIT 1[0m
  [4;35;1mGenre Create (0.2ms)[0m   [0mINSERT INTO `genres` (`name`, `created_at`, `updated_at`) VALUES('Fantasy', '2011-05-03 00:57:53', '2011-05-03 00:57:53')[0m
  [4;36;1mSQL (33.7ms)[0m   [0;1mCOMMIT[0m
Redirected to http://localhost:3000/genres/2
Completed in 44ms (DB: 36) | 302 Found [http://localhost/genres]
  [4;35;1mSQL (0.1ms)[0m   [0mSET NAMES 'utf8'[0m
  [4;36;1mSQL (0.1ms)[0m   [0;1mSET SQL_AUTO_IS_NULL=0[0m


Processing GenresController#show (for 127.0.0.1 at 2011-05-02 17:57:53) [GET]
  Parameters: {"id"=>"2"}
  [4;35;1mGenre Columns (0.9ms)[0m   [0mSHOW FIELDS FROM `genres`[0m
  [4;36;1mGenre Load (0.3ms)[0m   [0;1mSELECT * FROM `genres` WHERE (`genres`.`id` = 2) [0m
Rendering template within layouts/genres
Rendering genres/show
Completed in 8ms (View: 2, DB: 2) | 200 OK [http://localhost/genres/2]
  [4;35;1mSQL (0.1ms)[0m   [0mSET NAMES 'utf8'[0m
  [4;36;1mSQL (0.1ms)[0m   [0;1mSET SQL_AUTO_IS_NULL=0[0m


Processing GenresController#index (for 127.0.0.1 at 2011-05-02 17:57:54) [GET]
  [4;35;1mGenre Load (0.3ms)[0m   [0mSELECT * FROM `genres` [0m
Rendering template within layouts/genres
Rendering genres/index
  [4;36;1mGenre Columns (0.8ms)[0m   [0;1mSHOW FIELDS FROM `genres`[0m
Completed in 13ms (View: 7, DB: 1) | 200 OK [http://localhost/genres]
  [4;35;1mSQL (0.1ms)[0m   [0mSET NAMES 'utf8'[0m
  [4;36;1mSQL (0.1ms)[0m   [0;1mSET SQL_AUTO_IS_NULL=0[0m


Processing TagsController#index (for 127.0.0.1 at 2011-05-02 17:57:58) [GET]
  [4;35;1mTag Load (0.1ms)[0m   [0mSELECT * FROM `tags` [0m
Rendering template within layouts/tags
Rendering tags/index
Completed in 6ms (View: 1, DB: 0) | 200 OK [http://localhost/tags]
  [4;36;1mSQL (0.1ms)[0m   [0;1mSET NAMES 'utf8'[0m
  [4;35;1mSQL (0.2ms)[0m   [0mSET SQL_AUTO_IS_NULL=0[0m


Processing TagsController#new (for 127.0.0.1 at 2011-05-02 17:57:59) [GET]
  [4;36;1mTag Columns (0.9ms)[0m   [0;1mSHOW FIELDS FROM `tags`[0m
Rendering template within layouts/tags
Rendering tags/new
Completed in 12ms (View: 5, DB: 1) | 200 OK [http://localhost/tags/new]
  [4;35;1mSQL (0.1ms)[0m   [0mSET NAMES 'utf8'[0m
  [4;36;1mSQL (0.1ms)[0m   [0;1mSET SQL_AUTO_IS_NULL=0[0m


Processing TagsController#create (for 127.0.0.1 at 2011-05-02 17:58:05) [POST]
  Parameters: {"commit"=>"Create", "authenticity_token"=>"8072wUA5tRVzHD8yRtpdi85ZlePoypvdsol0YL5eSOw=", "tag"=>{"name"=>"Chick Flick"}}
  [4;35;1mTag Columns (0.7ms)[0m   [0mSHOW FIELDS FROM `tags`[0m
  [4;36;1mSQL (0.1ms)[0m   [0;1mBEGIN[0m
  [4;35;1mTag Load (0.4ms)[0m   [0mSELECT `tags`.id FROM `tags` WHERE (`tags`.`name` = BINARY 'Chick Flick') LIMIT 1[0m
  [4;36;1mTag Create (0.2ms)[0m   [0;1mINSERT INTO `tags` (`name`, `created_at`, `updated_at`) VALUES('Chick Flick', '2011-05-03 00:58:05', '2011-05-03 00:58:05')[0m
  [4;35;1mSQL (12.0ms)[0m   [0mCOMMIT[0m
Redirected to http://localhost:3000/tags/1
Completed in 25ms (DB: 14) | 302 Found [http://localhost/tags]
  [4;36;1mSQL (0.3ms)[0m   [0;1mSET NAMES 'utf8'[0m
  [4;35;1mSQL (0.1ms)[0m   [0mSET SQL_AUTO_IS_NULL=0[0m


Processing TagsController#show (for 127.0.0.1 at 2011-05-02 17:58:05) [GET]
  Parameters: {"id"=>"1"}
  [4;36;1mTag Columns (0.6ms)[0m   [0;1mSHOW FIELDS FROM `tags`[0m
  [4;35;1mTag Load (0.4ms)[0m   [0mSELECT * FROM `tags` WHERE (`tags`.`id` = 1) [0m
Rendering template within layouts/tags
Rendering tags/show
Completed in 8ms (View: 2, DB: 1) | 200 OK [http://localhost/tags/1]
  [4;36;1mSQL (0.1ms)[0m   [0;1mSET NAMES 'utf8'[0m
  [4;35;1mSQL (0.2ms)[0m   [0mSET SQL_AUTO_IS_NULL=0[0m


Processing TagsController#index (for 127.0.0.1 at 2011-05-02 17:58:06) [GET]
  [4;36;1mTag Load (0.3ms)[0m   [0;1mSELECT * FROM `tags` [0m
Rendering template within layouts/tags
Rendering tags/index
  [4;35;1mTag Columns (1.0ms)[0m   [0mSHOW FIELDS FROM `tags`[0m
Completed in 63ms (View: 6, DB: 2) | 200 OK [http://localhost/tags]
  [4;36;1mSQL (0.1ms)[0m   [0;1mSET NAMES 'utf8'[0m
  [4;35;1mSQL (0.1ms)[0m   [0mSET SQL_AUTO_IS_NULL=0[0m


Processing TagsController#new (for 127.0.0.1 at 2011-05-02 17:58:07) [GET]
  [4;36;1mTag Columns (1.1ms)[0m   [0;1mSHOW FIELDS FROM `tags`[0m
Rendering template within layouts/tags
Rendering tags/new
Completed in 12ms (View: 5, DB: 1) | 200 OK [http://localhost/tags/new]
  [4;35;1mSQL (0.1ms)[0m   [0mSET NAMES 'utf8'[0m
  [4;36;1mSQL (0.1ms)[0m   [0;1mSET SQL_AUTO_IS_NULL=0[0m


Processing TagsController#create (for 127.0.0.1 at 2011-05-02 17:58:13) [POST]
  Parameters: {"commit"=>"Create", "authenticity_token"=>"8072wUA5tRVzHD8yRtpdi85ZlePoypvdsol0YL5eSOw=", "tag"=>{"name"=>"Awesomely Bad"}}
  [4;35;1mTag Columns (0.6ms)[0m   [0mSHOW FIELDS FROM `tags`[0m
  [4;36;1mSQL (0.1ms)[0m   [0;1mBEGIN[0m
  [4;35;1mTag Load (0.4ms)[0m   [0mSELECT `tags`.id FROM `tags` WHERE (`tags`.`name` = BINARY 'Awesomely Bad') LIMIT 1[0m
  [4;36;1mTag Create (0.2ms)[0m   [0;1mINSERT INTO `tags` (`name`, `created_at`, `updated_at`) VALUES('Awesomely Bad', '2011-05-03 00:58:13', '2011-05-03 00:58:13')[0m
  [4;35;1mSQL (5.0ms)[0m   [0mCOMMIT[0m
Redirected to http://localhost:3000/tags/2
Completed in 19ms (DB: 7) | 302 Found [http://localhost/tags]
  [4;36;1mSQL (0.2ms)[0m   [0;1mSET NAMES 'utf8'[0m
  [4;35;1mSQL (0.1ms)[0m   [0mSET SQL_AUTO_IS_NULL=0[0m


Processing TagsController#show (for 127.0.0.1 at 2011-05-02 17:58:13) [GET]
  Parameters: {"id"=>"2"}
  [4;36;1mTag Columns (0.7ms)[0m   [0;1mSHOW FIELDS FROM `tags`[0m
  [4;35;1mTag Load (0.3ms)[0m   [0mSELECT * FROM `tags` WHERE (`tags`.`id` = 2) [0m
Rendering template within layouts/tags
Rendering tags/show
Completed in 9ms (View: 2, DB: 1) | 200 OK [http://localhost/tags/2]
  [4;36;1mSQL (0.2ms)[0m   [0;1mSET NAMES 'utf8'[0m
  [4;35;1mSQL (0.1ms)[0m   [0mSET SQL_AUTO_IS_NULL=0[0m


Processing TagsController#index (for 127.0.0.1 at 2011-05-02 17:58:14) [GET]
  [4;36;1mTag Load (0.4ms)[0m   [0;1mSELECT * FROM `tags` [0m
Rendering template within layouts/tags
Rendering tags/index
  [4;35;1mTag Columns (0.6ms)[0m   [0mSHOW FIELDS FROM `tags`[0m
Completed in 12ms (View: 6, DB: 1) | 200 OK [http://localhost/tags]
  [4;36;1mSQL (0.2ms)[0m   [0;1mSET NAMES 'utf8'[0m
  [4;35;1mSQL (0.2ms)[0m   [0mSET SQL_AUTO_IS_NULL=0[0m


Processing TagsController#new (for 127.0.0.1 at 2011-05-02 17:58:15) [GET]
  [4;36;1mTag Columns (0.9ms)[0m   [0;1mSHOW FIELDS FROM `tags`[0m
Rendering template within layouts/tags
Rendering tags/new
Completed in 11ms (View: 5, DB: 1) | 200 OK [http://localhost/tags/new]
  [4;35;1mSQL (0.1ms)[0m   [0mSET NAMES 'utf8'[0m
  [4;36;1mSQL (0.1ms)[0m   [0;1mSET SQL_AUTO_IS_NULL=0[0m


Processing TagsController#create (for 127.0.0.1 at 2011-05-02 17:58:20) [POST]
  Parameters: {"commit"=>"Create", "authenticity_token"=>"8072wUA5tRVzHD8yRtpdi85ZlePoypvdsol0YL5eSOw=", "tag"=>{"name"=>"Date Night"}}
  [4;35;1mTag Columns (0.9ms)[0m   [0mSHOW FIELDS FROM `tags`[0m
  [4;36;1mSQL (0.1ms)[0m   [0;1mBEGIN[0m
  [4;35;1mTag Load (0.4ms)[0m   [0mSELECT `tags`.id FROM `tags` WHERE (`tags`.`name` = BINARY 'Date Night') LIMIT 1[0m
  [4;36;1mTag Create (0.2ms)[0m   [0;1mINSERT INTO `tags` (`name`, `created_at`, `updated_at`) VALUES('Date Night', '2011-05-03 00:58:20', '2011-05-03 00:58:20')[0m
  [4;35;1mSQL (8.2ms)[0m   [0mCOMMIT[0m
Redirected to http://localhost:3000/tags/3
Completed in 19ms (DB: 10) | 302 Found [http://localhost/tags]
  [4;36;1mSQL (0.1ms)[0m   [0;1mSET NAMES 'utf8'[0m
  [4;35;1mSQL (0.2ms)[0m   [0mSET SQL_AUTO_IS_NULL=0[0m


Processing TagsController#show (for 127.0.0.1 at 2011-05-02 17:58:20) [GET]
  Parameters: {"id"=>"3"}
  [4;36;1mTag Columns (0.9ms)[0m   [0;1mSHOW FIELDS FROM `tags`[0m
  [4;35;1mTag Load (0.3ms)[0m   [0mSELECT * FROM `tags` WHERE (`tags`.`id` = 3) [0m
Rendering template within layouts/tags
Rendering tags/show
Completed in 9ms (View: 2, DB: 2) | 200 OK [http://localhost/tags/3]
  [4;36;1mSQL (0.1ms)[0m   [0;1mSET NAMES 'utf8'[0m
  [4;35;1mSQL (0.1ms)[0m   [0mSET SQL_AUTO_IS_NULL=0[0m


Processing TagsController#index (for 127.0.0.1 at 2011-05-02 17:58:22) [GET]
  [4;36;1mTag Load (0.3ms)[0m   [0;1mSELECT * FROM `tags` [0m
Rendering template within layouts/tags
Rendering tags/index
  [4;35;1mTag Columns (0.4ms)[0m   [0mSHOW FIELDS FROM `tags`[0m
Completed in 14ms (View: 8, DB: 1) | 200 OK [http://localhost/tags]
  [4;36;1mSQL (0.1ms)[0m   [0;1mSET NAMES 'utf8'[0m
  [4;35;1mSQL (0.1ms)[0m   [0mSET SQL_AUTO_IS_NULL=0[0m


Processing MoviesController#index (for 127.0.0.1 at 2011-05-02 17:58:25) [GET]
  [4;36;1mMovie Load (0.1ms)[0m   [0;1mSELECT * FROM `movies` [0m
Rendering template within layouts/movies
Rendering movies/index
Completed in 8ms (View: 1, DB: 0) | 200 OK [http://localhost/movies]
  [4;35;1mSQL (0.2ms)[0m   [0mSET NAMES 'utf8'[0m
  [4;36;1mSQL (0.2ms)[0m   [0;1mSET SQL_AUTO_IS_NULL=0[0m


Processing MoviesController#new (for 127.0.0.1 at 2011-05-02 17:58:26) [GET]
  [4;35;1mMovie Columns (1.2ms)[0m   [0mSHOW FIELDS FROM `movies`[0m
Rendering template within layouts/movies
Rendering movies/new
  [4;36;1mGenre Load (0.2ms)[0m   [0;1mSELECT * FROM `genres` [0m
  [4;35;1mGenre Columns (1.0ms)[0m   [0mSHOW FIELDS FROM `genres`[0m
Rendered genres/_genre_selector (11.1ms)
  [4;36;1mTag Load (0.1ms)[0m   [0;1mSELECT * FROM `tags` [0m
  [4;35;1mTag Load (0.4ms)[0m   [0mSELECT `tags`.id FROM `tags` INNER JOIN `movie_tags` ON `tags`.id = `movie_tags`.tag_id WHERE ((`movie_tags`.movie_id = NULL)) [0m
  [4;36;1mTag Columns (0.8ms)[0m   [0;1mSHOW FIELDS FROM `tags`[0m
Rendered tags/_tag_selector (13.6ms)
Completed in 47ms (View: 36, DB: 4) | 200 OK [http://localhost/movies/new]
  [4;35;1mSQL (0.2ms)[0m   [0mSET NAMES 'utf8'[0m
  [4;36;1mSQL (0.2ms)[0m   [0;1mSET SQL_AUTO_IS_NULL=0[0m


Processing MoviesController#create (for 127.0.0.1 at 2011-05-02 17:58:36) [POST]
  Parameters: {"commit"=>"Create", "authenticity_token"=>"8072wUA5tRVzHD8yRtpdi85ZlePoypvdsol0YL5eSOw=", "movie"=>{"title"=>"TestMovie", "genre_id"=>"2", "tag_ids"=>["2", "3"]}}
  [4;35;1mMovie Columns (1.0ms)[0m   [0mSHOW FIELDS FROM `movies`[0m
  [4;36;1mTag Columns (1.0ms)[0m   [0;1mSHOW FIELDS FROM `tags`[0m
  [4;35;1mTag Load (1.1ms)[0m   [0mSELECT * FROM `tags` WHERE (`tags`.`id` IN (2,3)) [0m
  [4;36;1mSQL (0.1ms)[0m   [0;1mBEGIN[0m
  [4;35;1mSQL (0.1ms)[0m   [0mCOMMIT[0m
  [4;36;1mSQL (0.1ms)[0m   [0;1mBEGIN[0m
  [4;35;1mGenre Columns (1.4ms)[0m   [0mSHOW FIELDS FROM `genres`[0m
  [4;36;1mGenre Load (0.4ms)[0m   [0;1mSELECT * FROM `genres` WHERE (`genres`.`id` = 2) [0m
  [4;35;1mTag Load (0.6ms)[0m   [0mSELECT `tags`.id FROM `tags` WHERE (`tags`.`name` = BINARY 'Awesomely Bad' AND `tags`.id <> 2) LIMIT 1[0m
  [4;36;1mTag Load (0.4ms)[0m   [0;1mSELECT `tags`.id FROM `tags` WHERE (`tags`.`name` = BINARY 'Date Night' AND `tags`.id <> 3) LIMIT 1[0m
  [4;35;1mMovie Create (0.3ms)[0m   [0mINSERT INTO `movies` (`created_at`, `title`, `genre_id`, `updated_at`) VALUES('2011-05-03 00:58:37', 'TestMovie', 2, '2011-05-03 00:58:37')[0m
  [4;36;1mMovieTag Columns (0.9ms)[0m   [0;1mSHOW FIELDS FROM `movie_tags`[0m
  [4;35;1mMovieTag Create (0.3ms)[0m   [0mINSERT INTO `movie_tags` (`created_at`, `tag_id`, `movie_id`, `updated_at`) VALUES('2011-05-03 00:58:37', 2, 1, '2011-05-03 00:58:37')[0m
  [4;36;1mMovieTag Create (0.2ms)[0m   [0;1mINSERT INTO `movie_tags` (`created_at`, `tag_id`, `movie_id`, `updated_at`) VALUES('2011-05-03 00:58:37', 3, 1, '2011-05-03 00:58:37')[0m
  [4;35;1mSQL (6.1ms)[0m   [0mCOMMIT[0m
Redirected to http://localhost:3000/movies/1
Completed in 70ms (DB: 14) | 302 Found [http://localhost/movies]
  [4;36;1mSQL (0.2ms)[0m   [0;1mSET NAMES 'utf8'[0m
  [4;35;1mSQL (0.1ms)[0m   [0mSET SQL_AUTO_IS_NULL=0[0m


Processing MoviesController#show (for 127.0.0.1 at 2011-05-02 17:58:37) [GET]
  Parameters: {"id"=>"1"}
  [4;36;1mMovie Columns (1.0ms)[0m   [0;1mSHOW FIELDS FROM `movies`[0m
  [4;35;1mMovie Load (0.3ms)[0m   [0mSELECT * FROM `movies` WHERE (`movies`.`id` = 1) [0m
Rendering template within layouts/movies
Rendering movies/show
Completed in 11ms (View: 2, DB: 2) | 200 OK [http://localhost/movies/1]
  [4;36;1mSQL (0.1ms)[0m   [0;1mSET NAMES 'utf8'[0m
  [4;35;1mSQL (0.1ms)[0m   [0mSET SQL_AUTO_IS_NULL=0[0m
  [4;36;1mSQL (0.3ms)[0m   [0;1mSHOW TABLES[0m
  [4;35;1mSQL (34.3ms)[0m   [0mCREATE TABLE `schema_migrations` (`version` varchar(255) NOT NULL) ENGINE=InnoDB[0m
  [4;36;1mSQL (0.5ms)[0m   [0;1mSHOW KEYS FROM `schema_migrations`[0m
  [4;35;1mSQL (48.3ms)[0m   [0mCREATE UNIQUE INDEX `unique_schema_migrations` ON `schema_migrations` (`version`)[0m
  [4;36;1mSQL (0.4ms)[0m   [0;1mSHOW TABLES[0m
  [4;35;1mSQL (0.4ms)[0m   [0mSELECT version FROM schema_migrations[0m
Migrating to CreateMovies (20110502013852)
  [4;36;1mSQL (15.0ms)[0m   [0;1mCREATE TABLE `movies` (`id` int(11) DEFAULT NULL auto_increment PRIMARY KEY, `title` varchar(255), `genre_id` int(11), `created_at` datetime, `updated_at` datetime) ENGINE=InnoDB[0m
  [4;35;1mSQL (5.0ms)[0m   [0mINSERT INTO schema_migrations (version) VALUES ('20110502013852')[0m
Migrating to CreateGenres (20110502013921)
  [4;36;1mSQL (18.5ms)[0m   [0;1mCREATE TABLE `genres` (`id` int(11) DEFAULT NULL auto_increment PRIMARY KEY, `name` varchar(255), `created_at` datetime, `updated_at` datetime) ENGINE=InnoDB[0m
  [4;35;1mSQL (4.3ms)[0m   [0mINSERT INTO schema_migrations (version) VALUES ('20110502013921')[0m
Migrating to CreateTags (20110502013935)
  [4;36;1mSQL (13.5ms)[0m   [0;1mCREATE TABLE `tags` (`id` int(11) DEFAULT NULL auto_increment PRIMARY KEY, `name` varchar(255), `created_at` datetime, `updated_at` datetime) ENGINE=InnoDB[0m
  [4;35;1mSQL (4.0ms)[0m   [0mINSERT INTO schema_migrations (version) VALUES ('20110502013935')[0m
Migrating to CreateVotes (20110502014051)
  [4;36;1mSQL (17.4ms)[0m   [0;1mCREATE TABLE `votes` (`id` int(11) DEFAULT NULL auto_increment PRIMARY KEY, `val` int(11), `seen` tinyint(1), `user_id` int(11), `movie_id` int(11), `created_at` datetime, `updated_at` datetime) ENGINE=InnoDB[0m
  [4;35;1mSQL (4.3ms)[0m   [0mINSERT INTO schema_migrations (version) VALUES ('20110502014051')[0m
Migrating to CreateEvents (20110502014242)
  [4;36;1mSQL (15.5ms)[0m   [0;1mCREATE TABLE `events` (`id` int(11) DEFAULT NULL auto_increment PRIMARY KEY, `name` varchar(255), `location` varchar(255), `date` varchar(255), `created_at` datetime, `updated_at` datetime) ENGINE=InnoDB[0m
  [4;35;1mSQL (3.1ms)[0m   [0mINSERT INTO schema_migrations (version) VALUES ('20110502014242')[0m
Migrating to CreateMovieTags (20110503002908)
  [4;36;1mSQL (20.6ms)[0m   [0;1mCREATE TABLE `movie_tags` (`id` int(11) DEFAULT NULL auto_increment PRIMARY KEY, `movie_id` int(11), `tag_id` int(11), `created_at` datetime, `updated_at` datetime) ENGINE=InnoDB[0m
  [4;35;1mSQL (3.7ms)[0m   [0mINSERT INTO schema_migrations (version) VALUES ('20110503002908')[0m
Migrating to CreateMovieEvents (20110503003025)
  [4;36;1mSQL (26.3ms)[0m   [0;1mCREATE TABLE `movie_events` (`id` int(11) DEFAULT NULL auto_increment PRIMARY KEY, `movie_id` int(11), `event_id` int(11), `created_at` datetime, `updated_at` datetime) ENGINE=InnoDB[0m
  [4;35;1mSQL (7.4ms)[0m   [0mINSERT INTO schema_migrations (version) VALUES ('20110503003025')[0m
  [4;36;1mSQL (0.6ms)[0m   [0;1mSHOW TABLES[0m
  [4;35;1mSQL (0.3ms)[0m   [0mSELECT version FROM schema_migrations[0m
  [4;36;1mSQL (0.5ms)[0m   [0;1mSHOW TABLES[0m
  [4;35;1mSQL (1.0ms)[0m   [0mSHOW FIELDS FROM `events`[0m
  [4;36;1mSQL (0.8ms)[0m   [0;1mdescribe `events`[0m
  [4;35;1mSQL (0.4ms)[0m   [0mSHOW KEYS FROM `events`[0m
  [4;36;1mSQL (0.9ms)[0m   [0;1mSHOW FIELDS FROM `genres`[0m
  [4;35;1mSQL (0.7ms)[0m   [0mdescribe `genres`[0m
  [4;36;1mSQL (0.4ms)[0m   [0;1mSHOW KEYS FROM `genres`[0m
  [4;35;1mSQL (0.8ms)[0m   [0mSHOW FIELDS FROM `movie_events`[0m
  [4;36;1mSQL (0.4ms)[0m   [0;1mdescribe `movie_events`[0m
  [4;35;1mSQL (0.2ms)[0m   [0mSHOW KEYS FROM `movie_events`[0m
  [4;36;1mSQL (0.4ms)[0m   [0;1mSHOW FIELDS FROM `movie_tags`[0m
  [4;35;1mSQL (0.3ms)[0m   [0mdescribe `movie_tags`[0m
  [4;36;1mSQL (0.2ms)[0m   [0;1mSHOW KEYS FROM `movie_tags`[0m
  [4;35;1mSQL (0.4ms)[0m   [0mSHOW FIELDS FROM `movies`[0m
  [4;36;1mSQL (0.3ms)[0m   [0;1mdescribe `movies`[0m
  [4;35;1mSQL (0.2ms)[0m   [0mSHOW KEYS FROM `movies`[0m
  [4;36;1mSQL (0.4ms)[0m   [0;1mSHOW FIELDS FROM `tags`[0m
  [4;35;1mSQL (0.4ms)[0m   [0mdescribe `tags`[0m
  [4;36;1mSQL (0.2ms)[0m   [0;1mSHOW KEYS FROM `tags`[0m
  [4;35;1mSQL (0.4ms)[0m   [0mSHOW FIELDS FROM `votes`[0m
  [4;36;1mSQL (0.3ms)[0m   [0;1mdescribe `votes`[0m
  [4;35;1mSQL (0.2ms)[0m   [0mSHOW KEYS FROM `votes`[0m
  [4;36;1mSQL (0.2ms)[0m   [0;1mSET NAMES 'utf8'[0m
  [4;35;1mSQL (0.1ms)[0m   [0mSET SQL_AUTO_IS_NULL=0[0m


Processing MoviesController#index (for 127.0.0.1 at 2011-05-02 18:11:23) [GET]
  [4;36;1mMovie Load (0.3ms)[0m   [0;1mSELECT * FROM `movies` [0m
Rendering template within layouts/movies
Rendering movies/index
Completed in 27ms (View: 13, DB: 1) | 200 OK [http://localhost/movies]
  [4;35;1mSQL (0.1ms)[0m   [0mSET NAMES 'utf8'[0m
  [4;36;1mSQL (0.1ms)[0m   [0;1mSET SQL_AUTO_IS_NULL=0[0m


Processing GenresController#index (for 127.0.0.1 at 2011-05-02 18:11:30) [GET]
  [4;35;1mGenre Load (0.3ms)[0m   [0mSELECT * FROM `genres` [0m
Rendering template within layouts/genres
Rendering genres/index
Completed in 15ms (View: 10, DB: 0) | 200 OK [http://localhost/genres]
  [4;36;1mSQL (0.1ms)[0m   [0;1mSET NAMES 'utf8'[0m
  [4;35;1mSQL (0.1ms)[0m   [0mSET SQL_AUTO_IS_NULL=0[0m


Processing GenresController#new (for 127.0.0.1 at 2011-05-02 18:11:31) [GET]
  [4;36;1mGenre Columns (0.8ms)[0m   [0;1mSHOW FIELDS FROM `genres`[0m
Rendering template within layouts/genres
Rendering genres/new
Completed in 14ms (View: 9, DB: 1) | 200 OK [http://localhost/genres/new]
  [4;35;1mSQL (0.1ms)[0m   [0mSET NAMES 'utf8'[0m
  [4;36;1mSQL (0.1ms)[0m   [0;1mSET SQL_AUTO_IS_NULL=0[0m


Processing GenresController#create (for 127.0.0.1 at 2011-05-02 18:11:35) [POST]
  Parameters: {"commit"=>"Create", "authenticity_token"=>"HlYPFgh+EZQXxMGLc2FJxohiJQTlRjBxlMupE4/Drts=", "genre"=>{"name"=>"SciFi"}}
  [4;35;1mGenre Columns (0.5ms)[0m   [0mSHOW FIELDS FROM `genres`[0m
  [4;36;1mSQL (0.1ms)[0m   [0;1mBEGIN[0m
  [4;35;1mGenre Load (0.4ms)[0m   [0mSELECT `genres`.id FROM `genres` WHERE (`genres`.`name` = BINARY 'SciFi') LIMIT 1[0m
  [4;36;1mGenre Create (0.3ms)[0m   [0;1mINSERT INTO `genres` (`name`, `created_at`, `updated_at`) VALUES('SciFi', '2011-05-03 01:11:35', '2011-05-03 01:11:35')[0m
  [4;35;1mSQL (9.2ms)[0m   [0mCOMMIT[0m
Redirected to http://localhost:3000/genres/1
Completed in 20ms (DB: 11) | 302 Found [http://localhost/genres]
  [4;36;1mSQL (1.0ms)[0m   [0;1mSET NAMES 'utf8'[0m
  [4;35;1mSQL (0.2ms)[0m   [0mSET SQL_AUTO_IS_NULL=0[0m


Processing GenresController#show (for 127.0.0.1 at 2011-05-02 18:11:35) [GET]
  Parameters: {"id"=>"1"}
  [4;36;1mGenre Columns (0.6ms)[0m   [0;1mSHOW FIELDS FROM `genres`[0m
  [4;35;1mGenre Load (0.2ms)[0m   [0mSELECT * FROM `genres` WHERE (`genres`.`id` = 1) [0m
Rendering template within layouts/genres
Rendering genres/show
Completed in 11ms (View: 5, DB: 2) | 200 OK [http://localhost/genres/1]
  [4;36;1mSQL (0.2ms)[0m   [0;1mSET NAMES 'utf8'[0m
  [4;35;1mSQL (0.2ms)[0m   [0mSET SQL_AUTO_IS_NULL=0[0m


Processing GenresController#index (for 127.0.0.1 at 2011-05-02 18:11:37) [GET]
  [4;36;1mGenre Load (0.3ms)[0m   [0;1mSELECT * FROM `genres` [0m
Rendering template within layouts/genres
Rendering genres/index
  [4;35;1mGenre Columns (0.8ms)[0m   [0mSHOW FIELDS FROM `genres`[0m
Completed in 10ms (View: 5, DB: 1) | 200 OK [http://localhost/genres]
  [4;36;1mSQL (0.1ms)[0m   [0;1mSET NAMES 'utf8'[0m
  [4;35;1mSQL (0.1ms)[0m   [0mSET SQL_AUTO_IS_NULL=0[0m


Processing TagsController#index (for 127.0.0.1 at 2011-05-02 18:11:43) [GET]
  [4;36;1mTag Load (0.4ms)[0m   [0;1mSELECT * FROM `tags` [0m
Rendering template within layouts/tags
Rendering tags/index
Completed in 14ms (View: 9, DB: 1) | 200 OK [http://localhost/tags]
  [4;35;1mSQL (0.1ms)[0m   [0mSET NAMES 'utf8'[0m
  [4;36;1mSQL (0.1ms)[0m   [0;1mSET SQL_AUTO_IS_NULL=0[0m


Processing TagsController#new (for 127.0.0.1 at 2011-05-02 18:11:44) [GET]
  [4;35;1mTag Columns (0.8ms)[0m   [0mSHOW FIELDS FROM `tags`[0m
Rendering template within layouts/tags
Rendering tags/new
Completed in 13ms (View: 8, DB: 1) | 200 OK [http://localhost/tags/new]
  [4;36;1mSQL (0.2ms)[0m   [0;1mSET NAMES 'utf8'[0m
  [4;35;1mSQL (0.1ms)[0m   [0mSET SQL_AUTO_IS_NULL=0[0m


Processing TagsController#create (for 127.0.0.1 at 2011-05-02 18:11:49) [POST]
  Parameters: {"commit"=>"Create", "authenticity_token"=>"HlYPFgh+EZQXxMGLc2FJxohiJQTlRjBxlMupE4/Drts=", "tag"=>{"name"=>"Chick Flick"}}
  [4;36;1mTag Columns (1.0ms)[0m   [0;1mSHOW FIELDS FROM `tags`[0m
  [4;35;1mSQL (0.1ms)[0m   [0mBEGIN[0m
  [4;36;1mTag Load (0.5ms)[0m   [0;1mSELECT `tags`.id FROM `tags` WHERE (`tags`.`name` = BINARY 'Chick Flick') LIMIT 1[0m
  [4;35;1mTag Create (0.3ms)[0m   [0mINSERT INTO `tags` (`name`, `created_at`, `updated_at`) VALUES('Chick Flick', '2011-05-03 01:11:50', '2011-05-03 01:11:50')[0m
  [4;36;1mSQL (12.4ms)[0m   [0;1mCOMMIT[0m
Redirected to http://localhost:3000/tags/1
Completed in 85ms (DB: 15) | 302 Found [http://localhost/tags]
  [4;35;1mSQL (0.1ms)[0m   [0mSET NAMES 'utf8'[0m
  [4;36;1mSQL (0.1ms)[0m   [0;1mSET SQL_AUTO_IS_NULL=0[0m


Processing TagsController#show (for 127.0.0.1 at 2011-05-02 18:11:50) [GET]
  Parameters: {"id"=>"1"}
  [4;35;1mTag Columns (0.6ms)[0m   [0mSHOW FIELDS FROM `tags`[0m
  [4;36;1mTag Load (0.2ms)[0m   [0;1mSELECT * FROM `tags` WHERE (`tags`.`id` = 1) [0m
Rendering template within layouts/tags
Rendering tags/show
Completed in 12ms (View: 5, DB: 1) | 200 OK [http://localhost/tags/1]
  [4;35;1mSQL (0.1ms)[0m   [0mSET NAMES 'utf8'[0m
  [4;36;1mSQL (0.1ms)[0m   [0;1mSET SQL_AUTO_IS_NULL=0[0m


Processing TagsController#index (for 127.0.0.1 at 2011-05-02 18:11:52) [GET]
  [4;35;1mTag Load (0.3ms)[0m   [0mSELECT * FROM `tags` [0m
Rendering template within layouts/tags
Rendering tags/index
  [4;36;1mTag Columns (0.5ms)[0m   [0;1mSHOW FIELDS FROM `tags`[0m
Completed in 16ms (View: 10, DB: 1) | 200 OK [http://localhost/tags]
  [4;35;1mSQL (0.1ms)[0m   [0mSET NAMES 'utf8'[0m
  [4;36;1mSQL (0.1ms)[0m   [0;1mSET SQL_AUTO_IS_NULL=0[0m


Processing MoviesController#new (for 127.0.0.1 at 2011-05-02 18:11:56) [GET]
  [4;35;1mMovie Columns (0.6ms)[0m   [0mSHOW FIELDS FROM `movies`[0m
Rendering template within layouts/movies
Rendering movies/new
  [4;36;1mGenre Load (0.1ms)[0m   [0;1mSELECT * FROM `genres` [0m
  [4;35;1mGenre Columns (0.9ms)[0m   [0mSHOW FIELDS FROM `genres`[0m
Rendered genres/_genre_selector (5.9ms)
  [4;36;1mTag Load (0.1ms)[0m   [0;1mSELECT * FROM `tags` [0m
  [4;35;1mTag Load (0.5ms)[0m   [0mSELECT `tags`.id FROM `tags` INNER JOIN `movie_tags` ON `tags`.id = `movie_tags`.tag_id WHERE ((`movie_tags`.movie_id = NULL)) [0m
  [4;36;1mTag Columns (0.8ms)[0m   [0;1mSHOW FIELDS FROM `tags`[0m
Rendered tags/_tag_selector (9.6ms)
Completed in 37ms (View: 27, DB: 3) | 200 OK [http://localhost/movies/new]
  [4;35;1mSQL (0.1ms)[0m   [0mSET NAMES 'utf8'[0m
  [4;36;1mSQL (0.2ms)[0m   [0;1mSET SQL_AUTO_IS_NULL=0[0m


Processing MoviesController#create (for 127.0.0.1 at 2011-05-02 18:12:05) [POST]
  Parameters: {"commit"=>"Create", "authenticity_token"=>"HlYPFgh+EZQXxMGLc2FJxohiJQTlRjBxlMupE4/Drts=", "movie"=>{"title"=>"TestMovie", "genre_id"=>"1", "tag_ids"=>["1"]}}
  [4;35;1mMovie Columns (1.1ms)[0m   [0mSHOW FIELDS FROM `movies`[0m
  [4;36;1mTag Columns (1.0ms)[0m   [0;1mSHOW FIELDS FROM `tags`[0m
  [4;35;1mTag Load (0.1ms)[0m   [0mSELECT * FROM `tags` WHERE (`tags`.`id` = 1) [0m
  [4;36;1mSQL (0.1ms)[0m   [0;1mBEGIN[0m
  [4;35;1mSQL (0.0ms)[0m   [0mCOMMIT[0m
  [4;36;1mSQL (0.1ms)[0m   [0;1mBEGIN[0m
  [4;35;1mGenre Columns (0.5ms)[0m   [0mSHOW FIELDS FROM `genres`[0m
  [4;36;1mGenre Load (0.4ms)[0m   [0;1mSELECT * FROM `genres` WHERE (`genres`.`id` = 1) [0m
  [4;35;1mTag Load (0.3ms)[0m   [0mSELECT `tags`.id FROM `tags` WHERE (`tags`.`name` = BINARY 'Chick Flick' AND `tags`.id <> 1) LIMIT 1[0m
  [4;36;1mMovie Create (0.2ms)[0m   [0;1mINSERT INTO `movies` (`created_at`, `title`, `genre_id`, `updated_at`) VALUES('2011-05-03 01:12:05', 'TestMovie', 1, '2011-05-03 01:12:05')[0m
  [4;35;1mMovieTag Columns (0.6ms)[0m   [0mSHOW FIELDS FROM `movie_tags`[0m
  [4;36;1mMovieTag Create (0.3ms)[0m   [0;1mINSERT INTO `movie_tags` (`created_at`, `tag_id`, `movie_id`, `updated_at`) VALUES('2011-05-03 01:12:05', 1, 1, '2011-05-03 01:12:05')[0m
  [4;35;1mSQL (6.0ms)[0m   [0mCOMMIT[0m
Redirected to http://localhost:3000/movies/1
Completed in 45ms (DB: 11) | 302 Found [http://localhost/movies]
  [4;36;1mSQL (0.2ms)[0m   [0;1mSET NAMES 'utf8'[0m
  [4;35;1mSQL (0.1ms)[0m   [0mSET SQL_AUTO_IS_NULL=0[0m


Processing MoviesController#show (for 127.0.0.1 at 2011-05-02 18:12:05) [GET]
  Parameters: {"id"=>"1"}
  [4;36;1mMovie Columns (0.6ms)[0m   [0;1mSHOW FIELDS FROM `movies`[0m
  [4;35;1mMovie Load (0.2ms)[0m   [0mSELECT * FROM `movies` WHERE (`movies`.`id` = 1) [0m
Rendering template within layouts/movies
Rendering movies/show
Completed in 13ms (View: 5, DB: 1) | 200 OK [http://localhost/movies/1]
